#
# A fatal error has been detected by the Java Runtime Environment:
#
#  SIGBUS (0xa) at pc=0x000000010e4a7db8, pid=8695, tid=25347
#
# JRE version: OpenJDK Runtime Environment Corretto-11.0.21.9.1 (11.0.21+9) (build 11.0.21+9-LTS)
# Java VM: OpenJDK 64-Bit Server VM Corretto-11.0.21.9.1 (11.0.21+9-LTS, mixed mode, tiered, compressed oops, g1 gc, bsd-aarch64)
# Problematic frame:
# v  ~StubRoutines::SafeFetchN
#
# No core dump will be written. Core dumps have been disabled. To enable core dumping, try "ulimit -c unlimited" before starting Java again
#
# If you would like to submit a bug report, please visit:
#   https://github.com/corretto/corretto-11/issues/
#

---------------  S U M M A R Y ------------

Command Line: -javaagent:/Users/yhwntnzltyn/Applications/IntelliJ IDEA Ultimate.app/Contents/lib/idea_rt.jar=59471:/Users/yhwntnzltyn/Applications/IntelliJ IDEA Ultimate.app/Contents/bin -agentpath:/private/var/folders/6q/dxw8jthd2bv2kynrs6dmcdzm0000gn/T/idea_libasyncProfiler_dylib_temp_folder/libasyncProfiler.dylib=start,jfr,event=wall,interval=10ms,jfrsync=profile,cstack=no,file=/Users/yhwntnzltyn/IdeaSnapshots/BrickerGameManager_2024_02_05_220727.jfr,log=/private/var/folders/6q/dxw8jthd2bv2kynrs6dmcdzm0000gn/T/BrickerGameManager_2024_02_05_220727.jfr.log.txt,logLevel=DEBUG -Dfile.encoding=UTF-8 bricker.main.BrickerGameManager java BrickerGameManager

Host: MacBookPro17,1 arm64 1 MHz, 8 cores, 16G, Darwin 22.5.0
Time: Mon Feb  5 22:07:29 2024 IST elapsed time: 2.011815 seconds (0d 0h 0m 2s)

---------------  T H R E A D  ---------------

Current thread (0x0000000144336800):  JavaThread "Monitor Ctrl-Break" daemon [_thread_in_vm, id=25347, stack(0x000000016dec0000,0x000000016e0c3000)]

Stack: [0x000000016dec0000,0x000000016e0c3000],  sp=0x000000016e0b0e90,  free space=1987k
Native frames: (J=compiled Java code, A=aot compiled Java code, j=interpreted, Vv=VM code, C=native code)
v  ~StubRoutines::SafeFetchN

[error occurred during error reporting (printing native stack), id 0xa, SIGBUS (0xa) at pc=0x000000010e4a7dac]

Java frames: (J=compiled Java code, j=interpreted, Vv=VM code)
j  java.net.SocketInputStream.socketRead0(Ljava/io/FileDescriptor;[BIII)I+0 java.base@11.0.21
j  java.net.SocketInputStream.socketRead(Ljava/io/FileDescriptor;[BIII)I+8 java.base@11.0.21
j  java.net.SocketInputStream.read([BIII)I+114 java.base@11.0.21
j  java.net.SocketInputStream.read([BII)I+11 java.base@11.0.21
j  sun.nio.cs.StreamDecoder.readBytes()I+135 java.base@11.0.21
j  sun.nio.cs.StreamDecoder.implRead([CII)I+112 java.base@11.0.21
j  sun.nio.cs.StreamDecoder.read([CII)I+180 java.base@11.0.21
j  java.io.InputStreamReader.read([CII)I+7 java.base@11.0.21
j  java.io.BufferedReader.fill()V+145 java.base@11.0.21
j  java.io.BufferedReader.readLine(Z)Ljava/lang/String;+44 java.base@11.0.21
j  java.io.BufferedReader.readLine()Ljava/lang/String;+2 java.base@11.0.21
j  com.intellij.rt.execution.application.AppMainV2$1.run()V+36
v  ~StubRoutines::call_stub

siginfo: si_signo: 10 (SIGBUS), si_code: 1 (BUS_ADRALN), si_addr: 0x000000010e4a7db8

Register to memory mapping:

 x0=
[error occurred during error reporting (printing register info), id 0xa, SIGBUS (0xa) at pc=0x000000010e4a7dac]

Registers:
 x0=0x000000016e0c2418  x1=0x0000000000000000  x2=0x00000001051e3c28  x3=0x000000016e0b1790
 x4=0x000000016e0b18e8  x5=0x000000016e0b1d70  x6=0x00000001057c8000  x7=0x0000000000000008
 x8=0x000000010e4a7db4  x9=0x000000016e0c23a0 x10=0x0000000000000000 x11=0x000000016e0c23e0
x12=0x00000000000000ab x13=0x0000000000000000 x14=0x0000000141e00000 x15=0x0000000000008000
x16=0x000000019161ae10 x17=0x00006000075c6310 x18=0x0000000000000000 x19=0x000000016e0c2418
x20=0x0000000144336800 x21=0x0000000000000001 x22=0x000000016e0b0fe0 x23=0x00000001057c8d18
x24=0x000000016e0c2390 x25=0x000000016e0c2430 x26=0x000000016e0c23a0 x27=0x0000000144336800
x28=0x0000000144336b50  fp=0x000000016e0b0eb0  lr=0x0000000105152a18  sp=0x000000016e0b0e90
pc=0x000000010e4a7db8 cpsr=0x0000000060001000
Top of Stack: (sp=0x000000016e0b0e90)
0x000000016e0b0e90:   
[error occurred during error reporting (printing registers, top of stack, instructions near pc), id 0xa, SIGBUS (0xa) at pc=0x000000010e4a7dac]


[error occurred during error reporting (inspecting top of stack), id 0xa, SIGBUS (0xa) at pc=0x000000010e4a7dac]

StubRoutines::SafeFetchN [0x000000010e4a7db4, 0x000000010e4a7dc0[ (12 bytes)
---------------  P R O C E S S  ---------------

Threads class SMR info:
_java_thread_list=0x00006000038a8180, length=16, elements={
0x000000012203e000, 0x0000000122188000, 0x000000012218b000, 0x000000012218e800,
0x000000012219e000, 0x000000012219f000, 0x000000012219f800, 0x00000001221a0800,
0x0000000144315800, 0x00000001442c0800, 0x0000000144336800, 0x0000000122393800,
0x0000000122368000, 0x00000001420bd000, 0x00000001444ce000, 0x0000000142b69800
}
_to_delete_list=0x00006000032f0ae0, length=15, elements={
0x000000012203e000, 0x0000000122188000, 0x000000012218b000, 0x000000012218e800,
0x000000012219e000, 0x000000012219f000, 0x000000012219f800, 0x00000001221a0800,
0x0000000144315800, 0x00000001442c0800, 0x0000000144336800, 0x0000000122393800,
0x0000000122368000, 0x00000001420bd000, 0x00000001444ce000
}

Java Threads: ( => current thread )
  0x000000012203e000 JavaThread "main" [_thread_in_vm, id=8707, stack(0x000000016bce8000,0x000000016beeb000)]
  0x0000000122188000 JavaThread "Reference Handler" daemon [_thread_blocked, id=17155, stack(0x000000016cb3c000,0x000000016cd3f000)]
  0x000000012218b000 JavaThread "Finalizer" daemon [_thread_blocked, id=17411, stack(0x000000016cd48000,0x000000016cf4b000)]
  0x000000012218e800 JavaThread "Signal Dispatcher" daemon [_thread_blocked, id=22019, stack(0x000000016d06c000,0x000000016d26f000)]
  0x000000012219e000 JavaThread "Service Thread" daemon [_thread_blocked, id=22531, stack(0x000000016d278000,0x000000016d47b000)]
  0x000000012219f000 JavaThread "C2 CompilerThread0" daemon [_thread_in_native, id=23299, stack(0x000000016d484000,0x000000016d687000)]
  0x000000012219f800 JavaThread "C1 CompilerThread0" daemon [_thread_in_vm, id=24067, stack(0x000000016d690000,0x000000016d893000)]
  0x00000001221a0800 JavaThread "Sweeper thread" daemon [_thread_blocked, id=32259, stack(0x000000016d89c000,0x000000016da9f000)]
  0x0000000144315800 JavaThread "Common-Cleaner" daemon [_thread_blocked, id=31747, stack(0x000000016daa8000,0x000000016dcab000)]
  0x00000001442c0800 JavaThread "C2 CompilerThread1" daemon [_thread_in_native, id=31235, stack(0x000000016dcb4000,0x000000016deb7000)]
=>0x0000000144336800 JavaThread "Monitor Ctrl-Break" daemon [_thread_in_vm, id=25347, stack(0x000000016dec0000,0x000000016e0c3000)]
  0x0000000122393800 JavaThread "JFR Recorder Thread" daemon [_thread_blocked, id=30467, stack(0x000000016e0cc000,0x000000016e2cf000)]
  0x0000000122368000 JavaThread "C2 CompilerThread2" daemon [_thread_blocked, id=29955, stack(0x000000016e2d8000,0x000000016e4db000)]
  0x00000001420bd000 JavaThread "JFR Periodic Tasks" daemon [_thread_blocked, id=29443, stack(0x000000016e4e4000,0x000000016e6e7000)]
  0x00000001444ce000 JavaThread "JFR Recording Scheduler" daemon [_thread_blocked, id=28163, stack(0x000000016e8fc000,0x000000016eaff000)]
  0x0000000142b69800 JavaThread "Async-profiler Timer" daemon [_thread_in_native, id=28935, stack(0x000000016eb08000,0x000000016ed0b000)]

Other Threads:
  0x0000000122180800 VMThread "VM Thread" [stack: 0x000000016c930000,0x000000016cb33000] [id=21251]
  0x000000014380a000 WatcherThread [stack: 0x000000016ed14000,0x000000016ef17000] [id=27651]
  0x000000012203f000 GCTaskThread "GC Thread#0" [stack: 0x000000016bef4000,0x000000016c0f7000] [id=12291]
  0x0000000122084800 ConcurrentGCThread "G1 Main Marker" [stack: 0x000000016c100000,0x000000016c303000] [id=15619]
  0x0000000122085800 ConcurrentGCThread "G1 Conc#0" [stack: 0x000000016c30c000,0x000000016c50f000] [id=15107]
  0x0000000122126000 ConcurrentGCThread "G1 Refine#0" [stack: 0x000000016c518000,0x000000016c71b000] [id=14595]
  0x0000000122127000 ConcurrentGCThread "G1 Young RemSet Sampling" [stack: 0x000000016c724000,0x000000016c927000] [id=14339]

Threads with active compile tasks:
C2 CompilerThread0     2013  913       4       jdk.internal.org.objectweb.asm.Frame::execute (2264 bytes)
C2 CompilerThread1     2013 1039       4       java.lang.StringLatin1::replace (196 bytes)

VM state:not at safepoint (normal execution)

VM Mutex/Monitor currently owned by a thread: None

Heap address: 0x00000006c0000000, size: 4096 MB, Compressed Oops mode: Zero based, Oop shift amount: 3
Narrow klass base: 0x0000000800000000, Narrow klass shift: 0
Compressed class space size: 1073741824 Address: 0x0000000800000000

Heap:
 garbage-first heap   total 262144K, used 20480K [0x00000006c0000000, 0x00000007c0000000)
  region size 1024K, 21 young (21504K), 0 survivors (0K)
 Metaspace       used 10905K, capacity 11172K, committed 11392K, reserved 1058816K
  class space    used 1000K, capacity 1080K, committed 1152K, reserved 1048576K
Heap Regions: E=young(eden), S=young(survivor), O=old, HS=humongous(starts), HC=humongous(continues), CS=collection set, F=free, A=archive, TAMS=top-at-mark-start (previous, next)
|   0|0x00000006c0000000, 0x00000006c0000000, 0x00000006c0100000|  0%| F|  |TAMS 0x00000006c0000000, 0x00000006c0000000| Untracked 
|   1|0x00000006c0100000, 0x00000006c0100000, 0x00000006c0200000|  0%| F|  |TAMS 0x00000006c0100000, 0x00000006c0100000| Untracked 
|   2|0x00000006c0200000, 0x00000006c0200000, 0x00000006c0300000|  0%| F|  |TAMS 0x00000006c0200000, 0x00000006c0200000| Untracked 
|   3|0x00000006c0300000, 0x00000006c0300000, 0x00000006c0400000|  0%| F|  |TAMS 0x00000006c0300000, 0x00000006c0300000| Untracked 
|   4|0x00000006c0400000, 0x00000006c0400000, 0x00000006c0500000|  0%| F|  |TAMS 0x00000006c0400000, 0x00000006c0400000| Untracked 
|   5|0x00000006c0500000, 0x00000006c0500000, 0x00000006c0600000|  0%| F|  |TAMS 0x00000006c0500000, 0x00000006c0500000| Untracked 
|   6|0x00000006c0600000, 0x00000006c0600000, 0x00000006c0700000|  0%| F|  |TAMS 0x00000006c0600000, 0x00000006c0600000| Untracked 
|   7|0x00000006c0700000, 0x00000006c0700000, 0x00000006c0800000|  0%| F|  |TAMS 0x00000006c0700000, 0x00000006c0700000| Untracked 
|   8|0x00000006c0800000, 0x00000006c0800000, 0x00000006c0900000|  0%| F|  |TAMS 0x00000006c0800000, 0x00000006c0800000| Untracked 
|   9|0x00000006c0900000, 0x00000006c0900000, 0x00000006c0a00000|  0%| F|  |TAMS 0x00000006c0900000, 0x00000006c0900000| Untracked 
|  10|0x00000006c0a00000, 0x00000006c0a00000, 0x00000006c0b00000|  0%| F|  |TAMS 0x00000006c0a00000, 0x00000006c0a00000| Untracked 
|  11|0x00000006c0b00000, 0x00000006c0b00000, 0x00000006c0c00000|  0%| F|  |TAMS 0x00000006c0b00000, 0x00000006c0b00000| Untracked 
|  12|0x00000006c0c00000, 0x00000006c0c00000, 0x00000006c0d00000|  0%| F|  |TAMS 0x00000006c0c00000, 0x00000006c0c00000| Untracked 
|  13|0x00000006c0d00000, 0x00000006c0d00000, 0x00000006c0e00000|  0%| F|  |TAMS 0x00000006c0d00000, 0x00000006c0d00000| Untracked 
|  14|0x00000006c0e00000, 0x00000006c0e00000, 0x00000006c0f00000|  0%| F|  |TAMS 0x00000006c0e00000, 0x00000006c0e00000| Untracked 
|  15|0x00000006c0f00000, 0x00000006c0f00000, 0x00000006c1000000|  0%| F|  |TAMS 0x00000006c0f00000, 0x00000006c0f00000| Untracked 
|  16|0x00000006c1000000, 0x00000006c1000000, 0x00000006c1100000|  0%| F|  |TAMS 0x00000006c1000000, 0x00000006c1000000| Untracked 
|  17|0x00000006c1100000, 0x00000006c1100000, 0x00000006c1200000|  0%| F|  |TAMS 0x00000006c1100000, 0x00000006c1100000| Untracked 
|  18|0x00000006c1200000, 0x00000006c1200000, 0x00000006c1300000|  0%| F|  |TAMS 0x00000006c1200000, 0x00000006c1200000| Untracked 
|  19|0x00000006c1300000, 0x00000006c1300000, 0x00000006c1400000|  0%| F|  |TAMS 0x00000006c1300000, 0x00000006c1300000| Untracked 
|  20|0x00000006c1400000, 0x00000006c1400000, 0x00000006c1500000|  0%| F|  |TAMS 0x00000006c1400000, 0x00000006c1400000| Untracked 
|  21|0x00000006c1500000, 0x00000006c1500000, 0x00000006c1600000|  0%| F|  |TAMS 0x00000006c1500000, 0x00000006c1500000| Untracked 
|  22|0x00000006c1600000, 0x00000006c1600000, 0x00000006c1700000|  0%| F|  |TAMS 0x00000006c1600000, 0x00000006c1600000| Untracked 
|  23|0x00000006c1700000, 0x00000006c1700000, 0x00000006c1800000|  0%| F|  |TAMS 0x00000006c1700000, 0x00000006c1700000| Untracked 
|  24|0x00000006c1800000, 0x00000006c1800000, 0x00000006c1900000|  0%| F|  |TAMS 0x00000006c1800000, 0x00000006c1800000| Untracked 
|  25|0x00000006c1900000, 0x00000006c1900000, 0x00000006c1a00000|  0%| F|  |TAMS 0x00000006c1900000, 0x00000006c1900000| Untracked 
|  26|0x00000006c1a00000, 0x00000006c1a00000, 0x00000006c1b00000|  0%| F|  |TAMS 0x00000006c1a00000, 0x00000006c1a00000| Untracked 
|  27|0x00000006c1b00000, 0x00000006c1b00000, 0x00000006c1c00000|  0%| F|  |TAMS 0x00000006c1b00000, 0x00000006c1b00000| Untracked 
|  28|0x00000006c1c00000, 0x00000006c1c00000, 0x00000006c1d00000|  0%| F|  |TAMS 0x00000006c1c00000, 0x00000006c1c00000| Untracked 
|  29|0x00000006c1d00000, 0x00000006c1d00000, 0x00000006c1e00000|  0%| F|  |TAMS 0x00000006c1d00000, 0x00000006c1d00000| Untracked 
|  30|0x00000006c1e00000, 0x00000006c1e00000, 0x00000006c1f00000|  0%| F|  |TAMS 0x00000006c1e00000, 0x00000006c1e00000| Untracked 
|  31|0x00000006c1f00000, 0x00000006c1f00000, 0x00000006c2000000|  0%| F|  |TAMS 0x00000006c1f00000, 0x00000006c1f00000| Untracked 
|  32|0x00000006c2000000, 0x00000006c2000000, 0x00000006c2100000|  0%| F|  |TAMS 0x00000006c2000000, 0x00000006c2000000| Untracked 
|  33|0x00000006c2100000, 0x00000006c2100000, 0x00000006c2200000|  0%| F|  |TAMS 0x00000006c2100000, 0x00000006c2100000| Untracked 
|  34|0x00000006c2200000, 0x00000006c2200000, 0x00000006c2300000|  0%| F|  |TAMS 0x00000006c2200000, 0x00000006c2200000| Untracked 
|  35|0x00000006c2300000, 0x00000006c2300000, 0x00000006c2400000|  0%| F|  |TAMS 0x00000006c2300000, 0x00000006c2300000| Untracked 
|  36|0x00000006c2400000, 0x00000006c2400000, 0x00000006c2500000|  0%| F|  |TAMS 0x00000006c2400000, 0x00000006c2400000| Untracked 
|  37|0x00000006c2500000, 0x00000006c2500000, 0x00000006c2600000|  0%| F|  |TAMS 0x00000006c2500000, 0x00000006c2500000| Untracked 
|  38|0x00000006c2600000, 0x00000006c2600000, 0x00000006c2700000|  0%| F|  |TAMS 0x00000006c2600000, 0x00000006c2600000| Untracked 
|  39|0x00000006c2700000, 0x00000006c2700000, 0x00000006c2800000|  0%| F|  |TAMS 0x00000006c2700000, 0x00000006c2700000| Untracked 
|  40|0x00000006c2800000, 0x00000006c2800000, 0x00000006c2900000|  0%| F|  |TAMS 0x00000006c2800000, 0x00000006c2800000| Untracked 
|  41|0x00000006c2900000, 0x00000006c2900000, 0x00000006c2a00000|  0%| F|  |TAMS 0x00000006c2900000, 0x00000006c2900000| Untracked 
|  42|0x00000006c2a00000, 0x00000006c2a00000, 0x00000006c2b00000|  0%| F|  |TAMS 0x00000006c2a00000, 0x00000006c2a00000| Untracked 
|  43|0x00000006c2b00000, 0x00000006c2b00000, 0x00000006c2c00000|  0%| F|  |TAMS 0x00000006c2b00000, 0x00000006c2b00000| Untracked 
|  44|0x00000006c2c00000, 0x00000006c2c00000, 0x00000006c2d00000|  0%| F|  |TAMS 0x00000006c2c00000, 0x00000006c2c00000| Untracked 
|  45|0x00000006c2d00000, 0x00000006c2d00000, 0x00000006c2e00000|  0%| F|  |TAMS 0x00000006c2d00000, 0x00000006c2d00000| Untracked 
|  46|0x00000006c2e00000, 0x00000006c2e00000, 0x00000006c2f00000|  0%| F|  |TAMS 0x00000006c2e00000, 0x00000006c2e00000| Untracked 
|  47|0x00000006c2f00000, 0x00000006c2f00000, 0x00000006c3000000|  0%| F|  |TAMS 0x00000006c2f00000, 0x00000006c2f00000| Untracked 
|  48|0x00000006c3000000, 0x00000006c3000000, 0x00000006c3100000|  0%| F|  |TAMS 0x00000006c3000000, 0x00000006c3000000| Untracked 
|  49|0x00000006c3100000, 0x00000006c3100000, 0x00000006c3200000|  0%| F|  |TAMS 0x00000006c3100000, 0x00000006c3100000| Untracked 
|  50|0x00000006c3200000, 0x00000006c3200000, 0x00000006c3300000|  0%| F|  |TAMS 0x00000006c3200000, 0x00000006c3200000| Untracked 
|  51|0x00000006c3300000, 0x00000006c3300000, 0x00000006c3400000|  0%| F|  |TAMS 0x00000006c3300000, 0x00000006c3300000| Untracked 
|  52|0x00000006c3400000, 0x00000006c3400000, 0x00000006c3500000|  0%| F|  |TAMS 0x00000006c3400000, 0x00000006c3400000| Untracked 
|  53|0x00000006c3500000, 0x00000006c3500000, 0x00000006c3600000|  0%| F|  |TAMS 0x00000006c3500000, 0x00000006c3500000| Untracked 
|  54|0x00000006c3600000, 0x00000006c3600000, 0x00000006c3700000|  0%| F|  |TAMS 0x00000006c3600000, 0x00000006c3600000| Untracked 
|  55|0x00000006c3700000, 0x00000006c3700000, 0x00000006c3800000|  0%| F|  |TAMS 0x00000006c3700000, 0x00000006c3700000| Untracked 
|  56|0x00000006c3800000, 0x00000006c3800000, 0x00000006c3900000|  0%| F|  |TAMS 0x00000006c3800000, 0x00000006c3800000| Untracked 
|  57|0x00000006c3900000, 0x00000006c3900000, 0x00000006c3a00000|  0%| F|  |TAMS 0x00000006c3900000, 0x00000006c3900000| Untracked 
|  58|0x00000006c3a00000, 0x00000006c3a00000, 0x00000006c3b00000|  0%| F|  |TAMS 0x00000006c3a00000, 0x00000006c3a00000| Untracked 
|  59|0x00000006c3b00000, 0x00000006c3b00000, 0x00000006c3c00000|  0%| F|  |TAMS 0x00000006c3b00000, 0x00000006c3b00000| Untracked 
|  60|0x00000006c3c00000, 0x00000006c3c00000, 0x00000006c3d00000|  0%| F|  |TAMS 0x00000006c3c00000, 0x00000006c3c00000| Untracked 
|  61|0x00000006c3d00000, 0x00000006c3d00000, 0x00000006c3e00000|  0%| F|  |TAMS 0x00000006c3d00000, 0x00000006c3d00000| Untracked 
|  62|0x00000006c3e00000, 0x00000006c3e00000, 0x00000006c3f00000|  0%| F|  |TAMS 0x00000006c3e00000, 0x00000006c3e00000| Untracked 
|  63|0x00000006c3f00000, 0x00000006c3f00000, 0x00000006c4000000|  0%| F|  |TAMS 0x00000006c3f00000, 0x00000006c3f00000| Untracked 
|  64|0x00000006c4000000, 0x00000006c4000000, 0x00000006c4100000|  0%| F|  |TAMS 0x00000006c4000000, 0x00000006c4000000| Untracked 
|  65|0x00000006c4100000, 0x00000006c4100000, 0x00000006c4200000|  0%| F|  |TAMS 0x00000006c4100000, 0x00000006c4100000| Untracked 
|  66|0x00000006c4200000, 0x00000006c4200000, 0x00000006c4300000|  0%| F|  |TAMS 0x00000006c4200000, 0x00000006c4200000| Untracked 
|  67|0x00000006c4300000, 0x00000006c4300000, 0x00000006c4400000|  0%| F|  |TAMS 0x00000006c4300000, 0x00000006c4300000| Untracked 
|  68|0x00000006c4400000, 0x00000006c4400000, 0x00000006c4500000|  0%| F|  |TAMS 0x00000006c4400000, 0x00000006c4400000| Untracked 
|  69|0x00000006c4500000, 0x00000006c4500000, 0x00000006c4600000|  0%| F|  |TAMS 0x00000006c4500000, 0x00000006c4500000| Untracked 
|  70|0x00000006c4600000, 0x00000006c4600000, 0x00000006c4700000|  0%| F|  |TAMS 0x00000006c4600000, 0x00000006c4600000| Untracked 
|  71|0x00000006c4700000, 0x00000006c4700000, 0x00000006c4800000|  0%| F|  |TAMS 0x00000006c4700000, 0x00000006c4700000| Untracked 
|  72|0x00000006c4800000, 0x00000006c4800000, 0x00000006c4900000|  0%| F|  |TAMS 0x00000006c4800000, 0x00000006c4800000| Untracked 
|  73|0x00000006c4900000, 0x00000006c4900000, 0x00000006c4a00000|  0%| F|  |TAMS 0x00000006c4900000, 0x00000006c4900000| Untracked 
|  74|0x00000006c4a00000, 0x00000006c4a00000, 0x00000006c4b00000|  0%| F|  |TAMS 0x00000006c4a00000, 0x00000006c4a00000| Untracked 
|  75|0x00000006c4b00000, 0x00000006c4b00000, 0x00000006c4c00000|  0%| F|  |TAMS 0x00000006c4b00000, 0x00000006c4b00000| Untracked 
|  76|0x00000006c4c00000, 0x00000006c4c00000, 0x00000006c4d00000|  0%| F|  |TAMS 0x00000006c4c00000, 0x00000006c4c00000| Untracked 
|  77|0x00000006c4d00000, 0x00000006c4d00000, 0x00000006c4e00000|  0%| F|  |TAMS 0x00000006c4d00000, 0x00000006c4d00000| Untracked 
|  78|0x00000006c4e00000, 0x00000006c4e00000, 0x00000006c4f00000|  0%| F|  |TAMS 0x00000006c4e00000, 0x00000006c4e00000| Untracked 
|  79|0x00000006c4f00000, 0x00000006c4f00000, 0x00000006c5000000|  0%| F|  |TAMS 0x00000006c4f00000, 0x00000006c4f00000| Untracked 
|  80|0x00000006c5000000, 0x00000006c5000000, 0x00000006c5100000|  0%| F|  |TAMS 0x00000006c5000000, 0x00000006c5000000| Untracked 
|  81|0x00000006c5100000, 0x00000006c5100000, 0x00000006c5200000|  0%| F|  |TAMS 0x00000006c5100000, 0x00000006c5100000| Untracked 
|  82|0x00000006c5200000, 0x00000006c5200000, 0x00000006c5300000|  0%| F|  |TAMS 0x00000006c5200000, 0x00000006c5200000| Untracked 
|  83|0x00000006c5300000, 0x00000006c5300000, 0x00000006c5400000|  0%| F|  |TAMS 0x00000006c5300000, 0x00000006c5300000| Untracked 
|  84|0x00000006c5400000, 0x00000006c5400000, 0x00000006c5500000|  0%| F|  |TAMS 0x00000006c5400000, 0x00000006c5400000| Untracked 
|  85|0x00000006c5500000, 0x00000006c5500000, 0x00000006c5600000|  0%| F|  |TAMS 0x00000006c5500000, 0x00000006c5500000| Untracked 
|  86|0x00000006c5600000, 0x00000006c5600000, 0x00000006c5700000|  0%| F|  |TAMS 0x00000006c5600000, 0x00000006c5600000| Untracked 
|  87|0x00000006c5700000, 0x00000006c5700000, 0x00000006c5800000|  0%| F|  |TAMS 0x00000006c5700000, 0x00000006c5700000| Untracked 
|  88|0x00000006c5800000, 0x00000006c5800000, 0x00000006c5900000|  0%| F|  |TAMS 0x00000006c5800000, 0x00000006c5800000| Untracked 
|  89|0x00000006c5900000, 0x00000006c5900000, 0x00000006c5a00000|  0%| F|  |TAMS 0x00000006c5900000, 0x00000006c5900000| Untracked 
|  90|0x00000006c5a00000, 0x00000006c5a00000, 0x00000006c5b00000|  0%| F|  |TAMS 0x00000006c5a00000, 0x00000006c5a00000| Untracked 
|  91|0x00000006c5b00000, 0x00000006c5b00000, 0x00000006c5c00000|  0%| F|  |TAMS 0x00000006c5b00000, 0x00000006c5b00000| Untracked 
|  92|0x00000006c5c00000, 0x00000006c5c00000, 0x00000006c5d00000|  0%| F|  |TAMS 0x00000006c5c00000, 0x00000006c5c00000| Untracked 
|  93|0x00000006c5d00000, 0x00000006c5d00000, 0x00000006c5e00000|  0%| F|  |TAMS 0x00000006c5d00000, 0x00000006c5d00000| Untracked 
|  94|0x00000006c5e00000, 0x00000006c5e00000, 0x00000006c5f00000|  0%| F|  |TAMS 0x00000006c5e00000, 0x00000006c5e00000| Untracked 
|  95|0x00000006c5f00000, 0x00000006c5f00000, 0x00000006c6000000|  0%| F|  |TAMS 0x00000006c5f00000, 0x00000006c5f00000| Untracked 
|  96|0x00000006c6000000, 0x00000006c6000000, 0x00000006c6100000|  0%| F|  |TAMS 0x00000006c6000000, 0x00000006c6000000| Untracked 
|  97|0x00000006c6100000, 0x00000006c6100000, 0x00000006c6200000|  0%| F|  |TAMS 0x00000006c6100000, 0x00000006c6100000| Untracked 
|  98|0x00000006c6200000, 0x00000006c6200000, 0x00000006c6300000|  0%| F|  |TAMS 0x00000006c6200000, 0x00000006c6200000| Untracked 
|  99|0x00000006c6300000, 0x00000006c6300000, 0x00000006c6400000|  0%| F|  |TAMS 0x00000006c6300000, 0x00000006c6300000| Untracked 
| 100|0x00000006c6400000, 0x00000006c6400000, 0x00000006c6500000|  0%| F|  |TAMS 0x00000006c6400000, 0x00000006c6400000| Untracked 
| 101|0x00000006c6500000, 0x00000006c6500000, 0x00000006c6600000|  0%| F|  |TAMS 0x00000006c6500000, 0x00000006c6500000| Untracked 
| 102|0x00000006c6600000, 0x00000006c6600000, 0x00000006c6700000|  0%| F|  |TAMS 0x00000006c6600000, 0x00000006c6600000| Untracked 
| 103|0x00000006c6700000, 0x00000006c6700000, 0x00000006c6800000|  0%| F|  |TAMS 0x00000006c6700000, 0x00000006c6700000| Untracked 
| 104|0x00000006c6800000, 0x00000006c6800000, 0x00000006c6900000|  0%| F|  |TAMS 0x00000006c6800000, 0x00000006c6800000| Untracked 
| 105|0x00000006c6900000, 0x00000006c6900000, 0x00000006c6a00000|  0%| F|  |TAMS 0x00000006c6900000, 0x00000006c6900000| Untracked 
| 106|0x00000006c6a00000, 0x00000006c6a00000, 0x00000006c6b00000|  0%| F|  |TAMS 0x00000006c6a00000, 0x00000006c6a00000| Untracked 
| 107|0x00000006c6b00000, 0x00000006c6b00000, 0x00000006c6c00000|  0%| F|  |TAMS 0x00000006c6b00000, 0x00000006c6b00000| Untracked 
| 108|0x00000006c6c00000, 0x00000006c6c00000, 0x00000006c6d00000|  0%| F|  |TAMS 0x00000006c6c00000, 0x00000006c6c00000| Untracked 
| 109|0x00000006c6d00000, 0x00000006c6d00000, 0x00000006c6e00000|  0%| F|  |TAMS 0x00000006c6d00000, 0x00000006c6d00000| Untracked 
| 110|0x00000006c6e00000, 0x00000006c6e00000, 0x00000006c6f00000|  0%| F|  |TAMS 0x00000006c6e00000, 0x00000006c6e00000| Untracked 
| 111|0x00000006c6f00000, 0x00000006c6f00000, 0x00000006c7000000|  0%| F|  |TAMS 0x00000006c6f00000, 0x00000006c6f00000| Untracked 
| 112|0x00000006c7000000, 0x00000006c7000000, 0x00000006c7100000|  0%| F|  |TAMS 0x00000006c7000000, 0x00000006c7000000| Untracked 
| 113|0x00000006c7100000, 0x00000006c7100000, 0x00000006c7200000|  0%| F|  |TAMS 0x00000006c7100000, 0x00000006c7100000| Untracked 
| 114|0x00000006c7200000, 0x00000006c7200000, 0x00000006c7300000|  0%| F|  |TAMS 0x00000006c7200000, 0x00000006c7200000| Untracked 
| 115|0x00000006c7300000, 0x00000006c7300000, 0x00000006c7400000|  0%| F|  |TAMS 0x00000006c7300000, 0x00000006c7300000| Untracked 
| 116|0x00000006c7400000, 0x00000006c7400000, 0x00000006c7500000|  0%| F|  |TAMS 0x00000006c7400000, 0x00000006c7400000| Untracked 
| 117|0x00000006c7500000, 0x00000006c7500000, 0x00000006c7600000|  0%| F|  |TAMS 0x00000006c7500000, 0x00000006c7500000| Untracked 
| 118|0x00000006c7600000, 0x00000006c7600000, 0x00000006c7700000|  0%| F|  |TAMS 0x00000006c7600000, 0x00000006c7600000| Untracked 
| 119|0x00000006c7700000, 0x00000006c7700000, 0x00000006c7800000|  0%| F|  |TAMS 0x00000006c7700000, 0x00000006c7700000| Untracked 
| 120|0x00000006c7800000, 0x00000006c7800000, 0x00000006c7900000|  0%| F|  |TAMS 0x00000006c7800000, 0x00000006c7800000| Untracked 
| 121|0x00000006c7900000, 0x00000006c7900000, 0x00000006c7a00000|  0%| F|  |TAMS 0x00000006c7900000, 0x00000006c7900000| Untracked 
| 122|0x00000006c7a00000, 0x00000006c7a00000, 0x00000006c7b00000|  0%| F|  |TAMS 0x00000006c7a00000, 0x00000006c7a00000| Untracked 
| 123|0x00000006c7b00000, 0x00000006c7b00000, 0x00000006c7c00000|  0%| F|  |TAMS 0x00000006c7b00000, 0x00000006c7b00000| Untracked 
| 124|0x00000006c7c00000, 0x00000006c7c00000, 0x00000006c7d00000|  0%| F|  |TAMS 0x00000006c7c00000, 0x00000006c7c00000| Untracked 
| 125|0x00000006c7d00000, 0x00000006c7d00000, 0x00000006c7e00000|  0%| F|  |TAMS 0x00000006c7d00000, 0x00000006c7d00000| Untracked 
| 126|0x00000006c7e00000, 0x00000006c7e00000, 0x00000006c7f00000|  0%| F|  |TAMS 0x00000006c7e00000, 0x00000006c7e00000| Untracked 
| 127|0x00000006c7f00000, 0x00000006c7f00000, 0x00000006c8000000|  0%| F|  |TAMS 0x00000006c7f00000, 0x00000006c7f00000| Untracked 
| 128|0x00000006c8000000, 0x00000006c8000000, 0x00000006c8100000|  0%| F|  |TAMS 0x00000006c8000000, 0x00000006c8000000| Untracked 
| 129|0x00000006c8100000, 0x00000006c8100000, 0x00000006c8200000|  0%| F|  |TAMS 0x00000006c8100000, 0x00000006c8100000| Untracked 
| 130|0x00000006c8200000, 0x00000006c8200000, 0x00000006c8300000|  0%| F|  |TAMS 0x00000006c8200000, 0x00000006c8200000| Untracked 
| 131|0x00000006c8300000, 0x00000006c8300000, 0x00000006c8400000|  0%| F|  |TAMS 0x00000006c8300000, 0x00000006c8300000| Untracked 
| 132|0x00000006c8400000, 0x00000006c8400000, 0x00000006c8500000|  0%| F|  |TAMS 0x00000006c8400000, 0x00000006c8400000| Untracked 
| 133|0x00000006c8500000, 0x00000006c8500000, 0x00000006c8600000|  0%| F|  |TAMS 0x00000006c8500000, 0x00000006c8500000| Untracked 
| 134|0x00000006c8600000, 0x00000006c8600000, 0x00000006c8700000|  0%| F|  |TAMS 0x00000006c8600000, 0x00000006c8600000| Untracked 
| 135|0x00000006c8700000, 0x00000006c8700000, 0x00000006c8800000|  0%| F|  |TAMS 0x00000006c8700000, 0x00000006c8700000| Untracked 
| 136|0x00000006c8800000, 0x00000006c8800000, 0x00000006c8900000|  0%| F|  |TAMS 0x00000006c8800000, 0x00000006c8800000| Untracked 
| 137|0x00000006c8900000, 0x00000006c8900000, 0x00000006c8a00000|  0%| F|  |TAMS 0x00000006c8900000, 0x00000006c8900000| Untracked 
| 138|0x00000006c8a00000, 0x00000006c8a00000, 0x00000006c8b00000|  0%| F|  |TAMS 0x00000006c8a00000, 0x00000006c8a00000| Untracked 
| 139|0x00000006c8b00000, 0x00000006c8b00000, 0x00000006c8c00000|  0%| F|  |TAMS 0x00000006c8b00000, 0x00000006c8b00000| Untracked 
| 140|0x00000006c8c00000, 0x00000006c8c00000, 0x00000006c8d00000|  0%| F|  |TAMS 0x00000006c8c00000, 0x00000006c8c00000| Untracked 
| 141|0x00000006c8d00000, 0x00000006c8d00000, 0x00000006c8e00000|  0%| F|  |TAMS 0x00000006c8d00000, 0x00000006c8d00000| Untracked 
| 142|0x00000006c8e00000, 0x00000006c8e00000, 0x00000006c8f00000|  0%| F|  |TAMS 0x00000006c8e00000, 0x00000006c8e00000| Untracked 
| 143|0x00000006c8f00000, 0x00000006c8f00000, 0x00000006c9000000|  0%| F|  |TAMS 0x00000006c8f00000, 0x00000006c8f00000| Untracked 
| 144|0x00000006c9000000, 0x00000006c9000000, 0x00000006c9100000|  0%| F|  |TAMS 0x00000006c9000000, 0x00000006c9000000| Untracked 
| 145|0x00000006c9100000, 0x00000006c9100000, 0x00000006c9200000|  0%| F|  |TAMS 0x00000006c9100000, 0x00000006c9100000| Untracked 
| 146|0x00000006c9200000, 0x00000006c9200000, 0x00000006c9300000|  0%| F|  |TAMS 0x00000006c9200000, 0x00000006c9200000| Untracked 
| 147|0x00000006c9300000, 0x00000006c9300000, 0x00000006c9400000|  0%| F|  |TAMS 0x00000006c9300000, 0x00000006c9300000| Untracked 
| 148|0x00000006c9400000, 0x00000006c9400000, 0x00000006c9500000|  0%| F|  |TAMS 0x00000006c9400000, 0x00000006c9400000| Untracked 
| 149|0x00000006c9500000, 0x00000006c9500000, 0x00000006c9600000|  0%| F|  |TAMS 0x00000006c9500000, 0x00000006c9500000| Untracked 
| 150|0x00000006c9600000, 0x00000006c9600000, 0x00000006c9700000|  0%| F|  |TAMS 0x00000006c9600000, 0x00000006c9600000| Untracked 
| 151|0x00000006c9700000, 0x00000006c9700000, 0x00000006c9800000|  0%| F|  |TAMS 0x00000006c9700000, 0x00000006c9700000| Untracked 
| 152|0x00000006c9800000, 0x00000006c9800000, 0x00000006c9900000|  0%| F|  |TAMS 0x00000006c9800000, 0x00000006c9800000| Untracked 
| 153|0x00000006c9900000, 0x00000006c9900000, 0x00000006c9a00000|  0%| F|  |TAMS 0x00000006c9900000, 0x00000006c9900000| Untracked 
| 154|0x00000006c9a00000, 0x00000006c9a00000, 0x00000006c9b00000|  0%| F|  |TAMS 0x00000006c9a00000, 0x00000006c9a00000| Untracked 
| 155|0x00000006c9b00000, 0x00000006c9b00000, 0x00000006c9c00000|  0%| F|  |TAMS 0x00000006c9b00000, 0x00000006c9b00000| Untracked 
| 156|0x00000006c9c00000, 0x00000006c9c00000, 0x00000006c9d00000|  0%| F|  |TAMS 0x00000006c9c00000, 0x00000006c9c00000| Untracked 
| 157|0x00000006c9d00000, 0x00000006c9d00000, 0x00000006c9e00000|  0%| F|  |TAMS 0x00000006c9d00000, 0x00000006c9d00000| Untracked 
| 158|0x00000006c9e00000, 0x00000006c9e00000, 0x00000006c9f00000|  0%| F|  |TAMS 0x00000006c9e00000, 0x00000006c9e00000| Untracked 
| 159|0x00000006c9f00000, 0x00000006c9f00000, 0x00000006ca000000|  0%| F|  |TAMS 0x00000006c9f00000, 0x00000006c9f00000| Untracked 
| 160|0x00000006ca000000, 0x00000006ca000000, 0x00000006ca100000|  0%| F|  |TAMS 0x00000006ca000000, 0x00000006ca000000| Untracked 
| 161|0x00000006ca100000, 0x00000006ca100000, 0x00000006ca200000|  0%| F|  |TAMS 0x00000006ca100000, 0x00000006ca100000| Untracked 
| 162|0x00000006ca200000, 0x00000006ca200000, 0x00000006ca300000|  0%| F|  |TAMS 0x00000006ca200000, 0x00000006ca200000| Untracked 
| 163|0x00000006ca300000, 0x00000006ca300000, 0x00000006ca400000|  0%| F|  |TAMS 0x00000006ca300000, 0x00000006ca300000| Untracked 
| 164|0x00000006ca400000, 0x00000006ca400000, 0x00000006ca500000|  0%| F|  |TAMS 0x00000006ca400000, 0x00000006ca400000| Untracked 
| 165|0x00000006ca500000, 0x00000006ca500000, 0x00000006ca600000|  0%| F|  |TAMS 0x00000006ca500000, 0x00000006ca500000| Untracked 
| 166|0x00000006ca600000, 0x00000006ca600000, 0x00000006ca700000|  0%| F|  |TAMS 0x00000006ca600000, 0x00000006ca600000| Untracked 
| 167|0x00000006ca700000, 0x00000006ca700000, 0x00000006ca800000|  0%| F|  |TAMS 0x00000006ca700000, 0x00000006ca700000| Untracked 
| 168|0x00000006ca800000, 0x00000006ca800000, 0x00000006ca900000|  0%| F|  |TAMS 0x00000006ca800000, 0x00000006ca800000| Untracked 
| 169|0x00000006ca900000, 0x00000006ca900000, 0x00000006caa00000|  0%| F|  |TAMS 0x00000006ca900000, 0x00000006ca900000| Untracked 
| 170|0x00000006caa00000, 0x00000006caa00000, 0x00000006cab00000|  0%| F|  |TAMS 0x00000006caa00000, 0x00000006caa00000| Untracked 
| 171|0x00000006cab00000, 0x00000006cab00000, 0x00000006cac00000|  0%| F|  |TAMS 0x00000006cab00000, 0x00000006cab00000| Untracked 
| 172|0x00000006cac00000, 0x00000006cac00000, 0x00000006cad00000|  0%| F|  |TAMS 0x00000006cac00000, 0x00000006cac00000| Untracked 
| 173|0x00000006cad00000, 0x00000006cad00000, 0x00000006cae00000|  0%| F|  |TAMS 0x00000006cad00000, 0x00000006cad00000| Untracked 
| 174|0x00000006cae00000, 0x00000006cae00000, 0x00000006caf00000|  0%| F|  |TAMS 0x00000006cae00000, 0x00000006cae00000| Untracked 
| 175|0x00000006caf00000, 0x00000006caf00000, 0x00000006cb000000|  0%| F|  |TAMS 0x00000006caf00000, 0x00000006caf00000| Untracked 
| 176|0x00000006cb000000, 0x00000006cb000000, 0x00000006cb100000|  0%| F|  |TAMS 0x00000006cb000000, 0x00000006cb000000| Untracked 
| 177|0x00000006cb100000, 0x00000006cb100000, 0x00000006cb200000|  0%| F|  |TAMS 0x00000006cb100000, 0x00000006cb100000| Untracked 
| 178|0x00000006cb200000, 0x00000006cb200000, 0x00000006cb300000|  0%| F|  |TAMS 0x00000006cb200000, 0x00000006cb200000| Untracked 
| 179|0x00000006cb300000, 0x00000006cb300000, 0x00000006cb400000|  0%| F|  |TAMS 0x00000006cb300000, 0x00000006cb300000| Untracked 
| 180|0x00000006cb400000, 0x00000006cb400000, 0x00000006cb500000|  0%| F|  |TAMS 0x00000006cb400000, 0x00000006cb400000| Untracked 
| 181|0x00000006cb500000, 0x00000006cb500000, 0x00000006cb600000|  0%| F|  |TAMS 0x00000006cb500000, 0x00000006cb500000| Untracked 
| 182|0x00000006cb600000, 0x00000006cb600000, 0x00000006cb700000|  0%| F|  |TAMS 0x00000006cb600000, 0x00000006cb600000| Untracked 
| 183|0x00000006cb700000, 0x00000006cb700000, 0x00000006cb800000|  0%| F|  |TAMS 0x00000006cb700000, 0x00000006cb700000| Untracked 
| 184|0x00000006cb800000, 0x00000006cb800000, 0x00000006cb900000|  0%| F|  |TAMS 0x00000006cb800000, 0x00000006cb800000| Untracked 
| 185|0x00000006cb900000, 0x00000006cb900000, 0x00000006cba00000|  0%| F|  |TAMS 0x00000006cb900000, 0x00000006cb900000| Untracked 
| 186|0x00000006cba00000, 0x00000006cba00000, 0x00000006cbb00000|  0%| F|  |TAMS 0x00000006cba00000, 0x00000006cba00000| Untracked 
| 187|0x00000006cbb00000, 0x00000006cbb00000, 0x00000006cbc00000|  0%| F|  |TAMS 0x00000006cbb00000, 0x00000006cbb00000| Untracked 
| 188|0x00000006cbc00000, 0x00000006cbc00000, 0x00000006cbd00000|  0%| F|  |TAMS 0x00000006cbc00000, 0x00000006cbc00000| Untracked 
| 189|0x00000006cbd00000, 0x00000006cbd00000, 0x00000006cbe00000|  0%| F|  |TAMS 0x00000006cbd00000, 0x00000006cbd00000| Untracked 
| 190|0x00000006cbe00000, 0x00000006cbe00000, 0x00000006cbf00000|  0%| F|  |TAMS 0x00000006cbe00000, 0x00000006cbe00000| Untracked 
| 191|0x00000006cbf00000, 0x00000006cbf00000, 0x00000006cc000000|  0%| F|  |TAMS 0x00000006cbf00000, 0x00000006cbf00000| Untracked 
| 192|0x00000006cc000000, 0x00000006cc000000, 0x00000006cc100000|  0%| F|  |TAMS 0x00000006cc000000, 0x00000006cc000000| Untracked 
| 193|0x00000006cc100000, 0x00000006cc100000, 0x00000006cc200000|  0%| F|  |TAMS 0x00000006cc100000, 0x00000006cc100000| Untracked 
| 194|0x00000006cc200000, 0x00000006cc200000, 0x00000006cc300000|  0%| F|  |TAMS 0x00000006cc200000, 0x00000006cc200000| Untracked 
| 195|0x00000006cc300000, 0x00000006cc300000, 0x00000006cc400000|  0%| F|  |TAMS 0x00000006cc300000, 0x00000006cc300000| Untracked 
| 196|0x00000006cc400000, 0x00000006cc400000, 0x00000006cc500000|  0%| F|  |TAMS 0x00000006cc400000, 0x00000006cc400000| Untracked 
| 197|0x00000006cc500000, 0x00000006cc500000, 0x00000006cc600000|  0%| F|  |TAMS 0x00000006cc500000, 0x00000006cc500000| Untracked 
| 198|0x00000006cc600000, 0x00000006cc600000, 0x00000006cc700000|  0%| F|  |TAMS 0x00000006cc600000, 0x00000006cc600000| Untracked 
| 199|0x00000006cc700000, 0x00000006cc700000, 0x00000006cc800000|  0%| F|  |TAMS 0x00000006cc700000, 0x00000006cc700000| Untracked 
| 200|0x00000006cc800000, 0x00000006cc800000, 0x00000006cc900000|  0%| F|  |TAMS 0x00000006cc800000, 0x00000006cc800000| Untracked 
| 201|0x00000006cc900000, 0x00000006cc900000, 0x00000006cca00000|  0%| F|  |TAMS 0x00000006cc900000, 0x00000006cc900000| Untracked 
| 202|0x00000006cca00000, 0x00000006cca00000, 0x00000006ccb00000|  0%| F|  |TAMS 0x00000006cca00000, 0x00000006cca00000| Untracked 
| 203|0x00000006ccb00000, 0x00000006ccb00000, 0x00000006ccc00000|  0%| F|  |TAMS 0x00000006ccb00000, 0x00000006ccb00000| Untracked 
| 204|0x00000006ccc00000, 0x00000006ccc00000, 0x00000006ccd00000|  0%| F|  |TAMS 0x00000006ccc00000, 0x00000006ccc00000| Untracked 
| 205|0x00000006ccd00000, 0x00000006ccd00000, 0x00000006cce00000|  0%| F|  |TAMS 0x00000006ccd00000, 0x00000006ccd00000| Untracked 
| 206|0x00000006cce00000, 0x00000006cce00000, 0x00000006ccf00000|  0%| F|  |TAMS 0x00000006cce00000, 0x00000006cce00000| Untracked 
| 207|0x00000006ccf00000, 0x00000006ccf00000, 0x00000006cd000000|  0%| F|  |TAMS 0x00000006ccf00000, 0x00000006ccf00000| Untracked 
| 208|0x00000006cd000000, 0x00000006cd000000, 0x00000006cd100000|  0%| F|  |TAMS 0x00000006cd000000, 0x00000006cd000000| Untracked 
| 209|0x00000006cd100000, 0x00000006cd100000, 0x00000006cd200000|  0%| F|  |TAMS 0x00000006cd100000, 0x00000006cd100000| Untracked 
| 210|0x00000006cd200000, 0x00000006cd200000, 0x00000006cd300000|  0%| F|  |TAMS 0x00000006cd200000, 0x00000006cd200000| Untracked 
| 211|0x00000006cd300000, 0x00000006cd300000, 0x00000006cd400000|  0%| F|  |TAMS 0x00000006cd300000, 0x00000006cd300000| Untracked 
| 212|0x00000006cd400000, 0x00000006cd400000, 0x00000006cd500000|  0%| F|  |TAMS 0x00000006cd400000, 0x00000006cd400000| Untracked 
| 213|0x00000006cd500000, 0x00000006cd500000, 0x00000006cd600000|  0%| F|  |TAMS 0x00000006cd500000, 0x00000006cd500000| Untracked 
| 214|0x00000006cd600000, 0x00000006cd600000, 0x00000006cd700000|  0%| F|  |TAMS 0x00000006cd600000, 0x00000006cd600000| Untracked 
| 215|0x00000006cd700000, 0x00000006cd700000, 0x00000006cd800000|  0%| F|  |TAMS 0x00000006cd700000, 0x00000006cd700000| Untracked 
| 216|0x00000006cd800000, 0x00000006cd800000, 0x00000006cd900000|  0%| F|  |TAMS 0x00000006cd800000, 0x00000006cd800000| Untracked 
| 217|0x00000006cd900000, 0x00000006cd900000, 0x00000006cda00000|  0%| F|  |TAMS 0x00000006cd900000, 0x00000006cd900000| Untracked 
| 218|0x00000006cda00000, 0x00000006cda00000, 0x00000006cdb00000|  0%| F|  |TAMS 0x00000006cda00000, 0x00000006cda00000| Untracked 
| 219|0x00000006cdb00000, 0x00000006cdb00000, 0x00000006cdc00000|  0%| F|  |TAMS 0x00000006cdb00000, 0x00000006cdb00000| Untracked 
| 220|0x00000006cdc00000, 0x00000006cdc00000, 0x00000006cdd00000|  0%| F|  |TAMS 0x00000006cdc00000, 0x00000006cdc00000| Untracked 
| 221|0x00000006cdd00000, 0x00000006cdd00000, 0x00000006cde00000|  0%| F|  |TAMS 0x00000006cdd00000, 0x00000006cdd00000| Untracked 
| 222|0x00000006cde00000, 0x00000006cde00000, 0x00000006cdf00000|  0%| F|  |TAMS 0x00000006cde00000, 0x00000006cde00000| Untracked 
| 223|0x00000006cdf00000, 0x00000006cdf00000, 0x00000006ce000000|  0%| F|  |TAMS 0x00000006cdf00000, 0x00000006cdf00000| Untracked 
| 224|0x00000006ce000000, 0x00000006ce000000, 0x00000006ce100000|  0%| F|  |TAMS 0x00000006ce000000, 0x00000006ce000000| Untracked 
| 225|0x00000006ce100000, 0x00000006ce100000, 0x00000006ce200000|  0%| F|  |TAMS 0x00000006ce100000, 0x00000006ce100000| Untracked 
| 226|0x00000006ce200000, 0x00000006ce200000, 0x00000006ce300000|  0%| F|  |TAMS 0x00000006ce200000, 0x00000006ce200000| Untracked 
| 227|0x00000006ce300000, 0x00000006ce300000, 0x00000006ce400000|  0%| F|  |TAMS 0x00000006ce300000, 0x00000006ce300000| Untracked 
| 228|0x00000006ce400000, 0x00000006ce400000, 0x00000006ce500000|  0%| F|  |TAMS 0x00000006ce400000, 0x00000006ce400000| Untracked 
| 229|0x00000006ce500000, 0x00000006ce500000, 0x00000006ce600000|  0%| F|  |TAMS 0x00000006ce500000, 0x00000006ce500000| Untracked 
| 230|0x00000006ce600000, 0x00000006ce600000, 0x00000006ce700000|  0%| F|  |TAMS 0x00000006ce600000, 0x00000006ce600000| Untracked 
| 231|0x00000006ce700000, 0x00000006ce700000, 0x00000006ce800000|  0%| F|  |TAMS 0x00000006ce700000, 0x00000006ce700000| Untracked 
| 232|0x00000006ce800000, 0x00000006ce800000, 0x00000006ce900000|  0%| F|  |TAMS 0x00000006ce800000, 0x00000006ce800000| Untracked 
| 233|0x00000006ce900000, 0x00000006ce900000, 0x00000006cea00000|  0%| F|  |TAMS 0x00000006ce900000, 0x00000006ce900000| Untracked 
| 234|0x00000006cea00000, 0x00000006cea00000, 0x00000006ceb00000|  0%| F|  |TAMS 0x00000006cea00000, 0x00000006cea00000| Untracked 
| 235|0x00000006ceb00000, 0x00000006ceb7cfc0, 0x00000006cec00000| 48%| E|  |TAMS 0x00000006ceb00000, 0x00000006ceb00000| Complete 
| 236|0x00000006cec00000, 0x00000006ced00000, 0x00000006ced00000|100%| E|CS|TAMS 0x00000006cec00000, 0x00000006cec00000| Complete 
| 237|0x00000006ced00000, 0x00000006cee00000, 0x00000006cee00000|100%| E|CS|TAMS 0x00000006ced00000, 0x00000006ced00000| Complete 
| 238|0x00000006cee00000, 0x00000006cef00000, 0x00000006cef00000|100%| E|CS|TAMS 0x00000006cee00000, 0x00000006cee00000| Complete 
| 239|0x00000006cef00000, 0x00000006cf000000, 0x00000006cf000000|100%| E|CS|TAMS 0x00000006cef00000, 0x00000006cef00000| Complete 
| 240|0x00000006cf000000, 0x00000006cf100000, 0x00000006cf100000|100%| E|CS|TAMS 0x00000006cf000000, 0x00000006cf000000| Complete 
| 241|0x00000006cf100000, 0x00000006cf200000, 0x00000006cf200000|100%| E|CS|TAMS 0x00000006cf100000, 0x00000006cf100000| Complete 
| 242|0x00000006cf200000, 0x00000006cf300000, 0x00000006cf300000|100%| E|CS|TAMS 0x00000006cf200000, 0x00000006cf200000| Complete 
| 243|0x00000006cf300000, 0x00000006cf400000, 0x00000006cf400000|100%| E|CS|TAMS 0x00000006cf300000, 0x00000006cf300000| Complete 
| 244|0x00000006cf400000, 0x00000006cf500000, 0x00000006cf500000|100%| E|CS|TAMS 0x00000006cf400000, 0x00000006cf400000| Complete 
| 245|0x00000006cf500000, 0x00000006cf600000, 0x00000006cf600000|100%| E|CS|TAMS 0x00000006cf500000, 0x00000006cf500000| Complete 
| 246|0x00000006cf600000, 0x00000006cf700000, 0x00000006cf700000|100%| E|CS|TAMS 0x00000006cf600000, 0x00000006cf600000| Complete 
| 247|0x00000006cf700000, 0x00000006cf800000, 0x00000006cf800000|100%| E|CS|TAMS 0x00000006cf700000, 0x00000006cf700000| Complete 
| 248|0x00000006cf800000, 0x00000006cf900000, 0x00000006cf900000|100%| E|CS|TAMS 0x00000006cf800000, 0x00000006cf800000| Complete 
| 249|0x00000006cf900000, 0x00000006cfa00000, 0x00000006cfa00000|100%| E|CS|TAMS 0x00000006cf900000, 0x00000006cf900000| Complete 
| 250|0x00000006cfa00000, 0x00000006cfb00000, 0x00000006cfb00000|100%| E|CS|TAMS 0x00000006cfa00000, 0x00000006cfa00000| Complete 
| 251|0x00000006cfb00000, 0x00000006cfc00000, 0x00000006cfc00000|100%| E|CS|TAMS 0x00000006cfb00000, 0x00000006cfb00000| Complete 
| 252|0x00000006cfc00000, 0x00000006cfd00000, 0x00000006cfd00000|100%| E|CS|TAMS 0x00000006cfc00000, 0x00000006cfc00000| Complete 
| 253|0x00000006cfd00000, 0x00000006cfe00000, 0x00000006cfe00000|100%| E|CS|TAMS 0x00000006cfd00000, 0x00000006cfd00000| Complete 
| 254|0x00000006cfe00000, 0x00000006cff00000, 0x00000006cff00000|100%| E|CS|TAMS 0x00000006cfe00000, 0x00000006cfe00000| Complete 
| 255|0x00000006cff00000, 0x00000006d0000000, 0x00000006d0000000|100%| E|CS|TAMS 0x00000006cff00000, 0x00000006cff00000| Complete 

Card table byte_map: [0x000000011dd58000,0x000000011e558000] _byte_map_base: 0x000000011a758000

Marking Bits (Prev, Next): (CMBitMap*) 0x0000000122074218, (CMBitMap*) 0x0000000122074250
 Prev Bits: [0x0000000122800000, 0x0000000126800000)
 Next Bits: [0x0000000150000000, 0x0000000154000000)

Polling page: 0x00000001042cc000

Metaspace:

Usage:
  Non-class:     10.04 MB capacity,     9.87 MB ( 98%) used,   156.52 KB (  2%) free+waste,    17.62 KB ( <1%) overhead. 
      Class:      1.09 MB capacity,     1.00 MB ( 93%) used,    74.72 KB (  7%) free+waste,     8.25 KB ( <1%) overhead. 
       Both:     11.13 MB capacity,    10.88 MB ( 98%) used,   231.23 KB (  2%) free+waste,    25.88 KB ( <1%) overhead. 

Virtual space:
  Non-class space:       12.00 MB reserved,      10.25 MB ( 85%) committed 
      Class space:        1.00 GB reserved,       1.12 MB ( <1%) committed 
             Both:        1.01 GB reserved,      11.38 MB (  1%) committed 

Chunk freelists:
   Non-Class:  20.00 KB
       Class:  8.00 KB
        Both:  28.00 KB

MaxMetaspaceSize: unlimited
CompressedClassSpaceSize: 1.00 GB
Initial GC threshold: 20.80 MB
Current GC threshold: 20.80 MB
CDS: off

CodeHeap 'non-profiled nmethods': size=120032Kb used=542Kb max_used=542Kb free=119490Kb
 bounds [0x0000000115f34000, 0x00000001161a4000, 0x000000011d46c000]
CodeHeap 'profiled nmethods': size=120016Kb used=2505Kb max_used=2505Kb free=117510Kb
 bounds [0x000000010ea00000, 0x000000010ec80000, 0x0000000115f34000]
CodeHeap 'non-nmethods': size=5712Kb used=1101Kb max_used=1140Kb free=4610Kb
 bounds [0x000000010e46c000, 0x000000010e6dc000, 0x000000010ea00000]
 total_blobs=1427 nmethods=1043 adapters=300
 compilation: enabled
              stopped_count=0, restarted_count=0
 full_count=0

Compilation events (20 events):
Event: 2.006 Thread 0x00000001442c0800 1008       4       java.util.LinkedHashMap::get (33 bytes)
Event: 2.006 Thread 0x000000012219f800 nmethod 1032 0x000000010ec6b690 code [0x000000010ec6b840, 0x000000010ec6ba50]
Event: 2.006 Thread 0x000000012219f800 1034       3       java.lang.invoke.MemberName::getName (25 bytes)
Event: 2.006 Thread 0x000000012219f800 nmethod 1034 0x000000010ec6bb90 code [0x000000010ec6bd80, 0x000000010ec6c180]
Event: 2.006 Thread 0x000000012219f800 1033       3       sun.invoke.util.BytecodeDescriptor::unparse (37 bytes)
Event: 2.006 Thread 0x000000012219f800 nmethod 1033 0x000000010ec6c410 code [0x000000010ec6c6c0, 0x000000010ec6ce90]
Event: 2.008 Thread 0x00000001442c0800 nmethod 1008 0x0000000115fb6090 code [0x0000000115fb6280, 0x0000000115fb65e0]
Event: 2.008 Thread 0x00000001442c0800 1005       4       java.util.HashMap$KeyIterator::next (8 bytes)
Event: 2.010 Thread 0x00000001442c0800 nmethod 1005 0x0000000115fb6b90 code [0x0000000115fb6d80, 0x0000000115fb7200]
Event: 2.010 Thread 0x00000001442c0800 1026       4       java.lang.AbstractStringBuilder::isLatin1 (19 bytes)
Event: 2.010 Thread 0x00000001442c0800 nmethod 1026 0x0000000115fb7690 code [0x0000000115fb7840, 0x0000000115fb78f0]
Event: 2.010 Thread 0x00000001442c0800 1035       4       java.lang.ref.Reference::reachabilityFence (1 bytes)
Event: 2.010 Thread 0x00000001442c0800 nmethod 1035 0x0000000115fb7990 code [0x0000000115fb7b40, 0x0000000115fb7ba0]
Event: 2.010 Thread 0x0000000122368000 nmethod 1006 0x0000000115fb7c90 code [0x0000000115fb7fc0, 0x0000000115fb92a0]
Event: 2.011 Thread 0x000000012219f800 1036       3       java.lang.String::lastIndexOf (29 bytes)
Event: 2.011 Thread 0x000000012219f800 nmethod 1036 0x000000010ec6d390 code [0x000000010ec6d580, 0x000000010ec6d930]
Event: 2.011 Thread 0x000000012219f800 1038       3       java.lang.CharacterDataLatin1::toLowerCase (39 bytes)
Event: 2.011 Thread 0x000000012219f800 nmethod 1038 0x000000010ec6db90 code [0x000000010ec6dd40, 0x000000010ec6e010]
Event: 2.011 Thread 0x000000012219f800 1037       3       java.lang.String::lastIndexOf (12 bytes)
Event: 2.011 Thread 0x000000012219f800 nmethod 1037 0x000000010ec6e190 code [0x000000010ec6e3c0, 0x000000010ec6e8f0]

GC Heap History (0 events):
No events

Deoptimization events (20 events):
Event: 1.993 Thread 0x000000012203e000 Uncommon trap: trap_request=0xffffffde fr.pc=0x0000000115f751dc relative=0x00000000000000dc
Event: 1.993 Thread 0x000000012203e000 Uncommon trap: reason=class_check action=maybe_recompile pc=0x0000000115f751dc method=java.util.Collections$UnmodifiableCollection$1.next()Ljava/lang/Object; @ 4 c2
Event: 1.993 Thread 0x000000012203e000 DEOPT PACKING pc=0x0000000115f751dc sp=0x000000016bee9c80
Event: 1.993 Thread 0x000000012203e000 DEOPT UNPACKING pc=0x000000010e4a0d9c sp=0x000000016bee9c50 mode 2
Event: 1.993 Thread 0x000000012203e000 Uncommon trap: trap_request=0xffffffc6 fr.pc=0x0000000115f73070 relative=0x00000000000000b0
Event: 1.993 Thread 0x000000012203e000 Uncommon trap: reason=bimorphic_or_optimized_type_check action=maybe_recompile pc=0x0000000115f73070 method=java.util.Collections$UnmodifiableCollection$1.hasNext()Z @ 4 c2
Event: 1.993 Thread 0x000000012203e000 DEOPT PACKING pc=0x0000000115f73070 sp=0x000000016bee9ca0
Event: 1.993 Thread 0x000000012203e000 DEOPT UNPACKING pc=0x000000010e4a0d9c sp=0x000000016bee9c50 mode 2
Event: 1.993 Thread 0x000000012203e000 Uncommon trap: trap_request=0xffffffde fr.pc=0x0000000115f751dc relative=0x00000000000000dc
Event: 1.993 Thread 0x000000012203e000 Uncommon trap: reason=class_check action=maybe_recompile pc=0x0000000115f751dc method=java.util.Collections$UnmodifiableCollection$1.next()Ljava/lang/Object; @ 4 c2
Event: 1.993 Thread 0x000000012203e000 DEOPT PACKING pc=0x0000000115f751dc sp=0x000000016bee9c80
Event: 1.993 Thread 0x000000012203e000 DEOPT UNPACKING pc=0x000000010e4a0d9c sp=0x000000016bee9c50 mode 2
Event: 1.993 Thread 0x000000012203e000 Uncommon trap: trap_request=0xffffffde fr.pc=0x0000000115f751dc relative=0x00000000000000dc
Event: 1.993 Thread 0x000000012203e000 Uncommon trap: reason=class_check action=maybe_recompile pc=0x0000000115f751dc method=java.util.Collections$UnmodifiableCollection$1.next()Ljava/lang/Object; @ 4 c2
Event: 1.993 Thread 0x000000012203e000 DEOPT PACKING pc=0x0000000115f751dc sp=0x000000016bee9c80
Event: 1.993 Thread 0x000000012203e000 DEOPT UNPACKING pc=0x000000010e4a0d9c sp=0x000000016bee9c50 mode 2
Event: 2.009 Thread 0x000000012203e000 Uncommon trap: trap_request=0xffffff4d fr.pc=0x0000000115f6e0d8 relative=0x0000000000000118
Event: 2.009 Thread 0x000000012203e000 Uncommon trap: reason=unstable_if action=reinterpret pc=0x0000000115f6e0d8 method=java.util.ArrayDeque.pollFirst()Ljava/lang/Object; @ 17 c2
Event: 2.009 Thread 0x000000012203e000 DEOPT PACKING pc=0x0000000115f6e0d8 sp=0x000000016bee8370
Event: 2.009 Thread 0x000000012203e000 DEOPT UNPACKING pc=0x000000010e4a0d9c sp=0x000000016bee82b0 mode 2

Classes redefined (9 events):
Event: 1.899 Thread 0x0000000122180800 redefined class name=java.io.FileInputStream, count=1
Event: 1.910 Thread 0x0000000122180800 redefined class name=java.io.FileOutputStream, count=1
Event: 1.921 Thread 0x0000000122180800 redefined class name=java.io.RandomAccessFile, count=1
Event: 1.932 Thread 0x0000000122180800 redefined class name=sun.nio.ch.FileChannelImpl, count=1
Event: 1.942 Thread 0x0000000122180800 redefined class name=java.net.SocketInputStream, count=2
Event: 1.953 Thread 0x0000000122180800 redefined class name=java.net.SocketOutputStream, count=2
Event: 1.963 Thread 0x0000000122180800 redefined class name=sun.nio.ch.SocketChannelImpl, count=1
Event: 1.974 Thread 0x0000000122180800 redefined class name=java.lang.Throwable, count=1
Event: 1.985 Thread 0x0000000122180800 redefined class name=java.lang.Error, count=2

Internal exceptions (20 events):
Event: 1.757 Thread 0x000000012203e000 Exception <a 'java/lang/NoSuchMethodError'{0x00000006cfce9458}: 'java.lang.Object java.lang.invoke.Invokers$Holder.linkToTargetMethod(int, java.lang.Object)'> (0x00000006cfce9458) thrown at [src/hotspot/share/interpreter/linkResolver.cpp, line 773]
Event: 1.761 Thread 0x000000012203e000 Exception <a 'java/lang/NoSuchMethodError'{0x00000006cfb01ad0}: 'void java.lang.invoke.DirectMethodHandle$Holder.invokeStaticInit(java.lang.Object)'> (0x00000006cfb01ad0) thrown at [src/hotspot/share/interpreter/linkResolver.cpp, line 773]
Event: 1.818 Thread 0x000000012203e000 Exception <a 'java/lang/ClassNotFoundException'{0x00000006cf7a6830}: jdk/jfr/internal/handlers/EventHandler1737_1707163649729-8695> (0x00000006cf7a6830) thrown at [src/hotspot/share/classfile/systemDictionary.cpp, line 230]
Event: 1.820 Thread 0x000000012203e000 Exception <a 'java/lang/ClassNotFoundException'{0x00000006cf7cd210}: jdk/jfr/internal/handlers/EventHandler1739_1707163649729-8695> (0x00000006cf7cd210) thrown at [src/hotspot/share/classfile/systemDictionary.cpp, line 230]
Event: 1.821 Thread 0x000000012203e000 Exception <a 'java/lang/ClassNotFoundException'{0x00000006cf7dc3f0}: jdk/jfr/internal/handlers/EventHandler1741_1707163649729-8695> (0x00000006cf7dc3f0) thrown at [src/hotspot/share/classfile/systemDictionary.cpp, line 230]
Event: 1.821 Thread 0x000000012203e000 Exception <a 'java/lang/ClassNotFoundException'{0x00000006cf7ee4b8}: jdk/jfr/internal/handlers/EventHandler1743_1707163649729-8695> (0x00000006cf7ee4b8) thrown at [src/hotspot/share/classfile/systemDictionary.cpp, line 230]
Event: 1.822 Thread 0x000000012203e000 Exception <a 'java/lang/ClassNotFoundException'{0x00000006cf6003b0}: jdk/jfr/internal/handlers/EventHandler1745_1707163649729-8695> (0x00000006cf6003b0) thrown at [src/hotspot/share/classfile/systemDictionary.cpp, line 230]
Event: 1.822 Thread 0x000000012203e000 Exception <a 'java/lang/ClassNotFoundException'{0x00000006cf6114d0}: jdk/jfr/internal/handlers/EventHandler1747_1707163649729-8695> (0x00000006cf6114d0) thrown at [src/hotspot/share/classfile/systemDictionary.cpp, line 230]
Event: 1.823 Thread 0x000000012203e000 Exception <a 'java/lang/ClassNotFoundException'{0x00000006cf61e468}: jdk/jfr/internal/handlers/EventHandler1749_1707163649729-8695> (0x00000006cf61e468) thrown at [src/hotspot/share/classfile/systemDictionary.cpp, line 230]
Event: 1.823 Thread 0x000000012203e000 Exception <a 'java/lang/ClassNotFoundException'{0x00000006cf62a388}: jdk/jfr/internal/handlers/EventHandler1751_1707163649729-8695> (0x00000006cf62a388) thrown at [src/hotspot/share/classfile/systemDictionary.cpp, line 230]
Event: 1.824 Thread 0x000000012203e000 Exception <a 'java/lang/ClassNotFoundException'{0x00000006cf637ed8}: jdk/jfr/internal/handlers/EventHandler1753_1707163649729-8695> (0x00000006cf637ed8) thrown at [src/hotspot/share/classfile/systemDictionary.cpp, line 230]
Event: 1.825 Thread 0x000000012203e000 Exception <a 'java/lang/ClassNotFoundException'{0x00000006cf6569e0}: jdk/jfr/internal/handlers/EventHandler1755_1707163649729-8695> (0x00000006cf6569e0) thrown at [src/hotspot/share/classfile/systemDictionary.cpp, line 230]
Event: 1.828 Thread 0x000000012203e000 Exception <a 'java/lang/ClassNotFoundException'{0x00000006cf66d940}: jdk/jfr/internal/handlers/EventHandler1757_1707163649729-8695> (0x00000006cf66d940) thrown at [src/hotspot/share/classfile/systemDictionary.cpp, line 230]
Event: 1.830 Thread 0x000000012203e000 Exception <a 'java/lang/ClassNotFoundException'{0x00000006cf67fc38}: jdk/jfr/internal/handlers/EventHandler1759_1707163649729-8695> (0x00000006cf67fc38) thrown at [src/hotspot/share/classfile/systemDictionary.cpp, line 230]
Event: 1.831 Thread 0x000000012203e000 Exception <a 'java/lang/ClassNotFoundException'{0x00000006cf6a5138}: jdk/jfr/internal/handlers/EventHandler1761_1707163649729-8695> (0x00000006cf6a5138) thrown at [src/hotspot/share/classfile/systemDictionary.cpp, line 230]
Event: 1.832 Thread 0x000000012203e000 Exception <a 'java/lang/ClassNotFoundException'{0x00000006cf6bc680}: jdk/jfr/internal/handlers/EventHandler1763_1707163649729-8695> (0x00000006cf6bc680) thrown at [src/hotspot/share/classfile/systemDictionary.cpp, line 230]
Event: 1.833 Thread 0x000000012203e000 Exception <a 'java/lang/ClassNotFoundException'{0x00000006cf6d1d10}: jdk/jfr/internal/handlers/EventHandler1765_1707163649729-8695> (0x00000006cf6d1d10) thrown at [src/hotspot/share/classfile/systemDictionary.cpp, line 230]
Event: 1.985 Thread 0x000000012203e000 Exception <a 'java/lang/NoSuchMethodError'{0x00000006cefc2560}: 'void java.lang.invoke.DirectMethodHandle$Holder.invokeSpecial(java.lang.Object, java.lang.Object)'> (0x00000006cefc2560) thrown at [src/hotspot/share/interpreter/linkResolver.cpp, line 773]
Event: 1.987 Thread 0x000000012203e000 Exception <a 'java/lang/NoSuchMethodError'{0x00000006cefcb4c0}: 'void java.lang.invoke.DirectMethodHandle$Holder.invokeStatic(java.lang.Object, java.lang.Object, int)'> (0x00000006cefcb4c0) thrown at [src/hotspot/share/interpreter/linkResolver.cpp, line 773]
Event: 1.987 Thread 0x000000012203e000 Exception <a 'java/lang/NoSuchMethodError'{0x00000006cefd1558}: 'java.lang.Object java.lang.invoke.Invokers$Holder.linkToTargetMethod(java.lang.Object, int, java.lang.Object)'> (0x00000006cefd1558) thrown at [src/hotspot/share/interpreter/linkResolver.cpp, line 773]

Events (20 events):
Event: 2.009 loading class java/util/zip/Inflater$InflaterZStreamRef
Event: 2.009 loading class java/util/zip/Inflater$InflaterZStreamRef done
Event: 2.009 loading class java/util/zip/ZipFile$InflaterCleanupAction
Event: 2.009 loading class java/util/zip/ZipFile$InflaterCleanupAction done
Event: 2.010 loading class java/awt/event/MouseListener
Event: 2.010 loading class java/util/EventListener
Event: 2.010 loading class java/util/EventListener done
Event: 2.010 loading class java/awt/event/MouseListener done
Event: 2.010 loading class java/awt/event/MouseWheelListener
Event: 2.010 loading class java/awt/event/MouseWheelListener done
Event: 2.010 loading class danogl/gui/rendering/Renderable
Event: 2.010 loading class danogl/gui/rendering/Renderable done
Event: 2.010 loading class bricker/brick_strategies/CollisionStrategy
Event: 2.010 loading class bricker/brick_strategies/CollisionStrategy done
Event: 2.011 loading class danogl/GameObject
Event: 2.011 loading class danogl/GameObject done
Event: 2.011 loading class bricker/gameobjects/Brick
Event: 2.011 loading class bricker/gameobjects/Brick done
Event: 2.011 loading class bricker/gameobjects/Paddle
Event: 2.011 loading class bricker/gameobjects/Paddle done


Dynamic libraries:
0x0000000104228000 	/Users/yhwntnzltyn/Library/Java/JavaVirtualMachines/corretto-11.0.21/Contents/Home/lib/jli/libjli.dylib
0x00000001a9bf2000 	/System/Library/Frameworks/Cocoa.framework/Versions/A/Cocoa
0x00000001948e5000 	/System/Library/Frameworks/AppKit.framework/Versions/C/AppKit
0x00000001972e7000 	/System/Library/Frameworks/CoreData.framework/Versions/A/CoreData
0x0000000192619000 	/System/Library/Frameworks/Foundation.framework/Versions/C/Foundation
0x000000019cfaa000 	/usr/lib/libSystem.B.dylib
0x00000001957f4000 	/System/Library/PrivateFrameworks/UIFoundation.framework/Versions/A/UIFoundation
0x0000000200173000 	/System/Library/PrivateFrameworks/CollectionViewCore.framework/Versions/A/CollectionViewCore
0x00000001a3f17000 	/System/Library/PrivateFrameworks/RemoteViewServices.framework/Versions/A/RemoteViewServices
0x000000019b262000 	/System/Library/PrivateFrameworks/XCTTargetBootstrap.framework/Versions/A/XCTTargetBootstrap
0x000000019f9b8000 	/System/Library/PrivateFrameworks/InternationalSupport.framework/Versions/A/InternationalSupport
0x000000019fa3f000 	/System/Library/PrivateFrameworks/UserActivity.framework/Versions/A/UserActivity
0x000000021822b000 	/System/Library/PrivateFrameworks/WindowManagement.framework/Versions/A/WindowManagement
0x00000001922e6000 	/System/Library/Frameworks/SystemConfiguration.framework/Versions/A/SystemConfiguration
0x000000019ee9e000 	/usr/lib/libspindump.dylib
0x000000019599a000 	/System/Library/Frameworks/UniformTypeIdentifiers.framework/Versions/A/UniformTypeIdentifiers
0x000000019926f000 	/usr/lib/libapp_launch_measurement.dylib
0x0000000198722000 	/System/Library/PrivateFrameworks/CoreAnalytics.framework/Versions/A/CoreAnalytics
0x0000000199276000 	/System/Library/PrivateFrameworks/CoreAutoLayout.framework/Versions/A/CoreAutoLayout
0x000000019aa68000 	/System/Library/Frameworks/Metal.framework/Versions/A/Metal
0x000000019b98f000 	/usr/lib/liblangid.dylib
0x000000019b268000 	/System/Library/PrivateFrameworks/CoreSVG.framework/Versions/A/CoreSVG
0x0000000196305000 	/System/Library/PrivateFrameworks/SkyLight.framework/Versions/A/SkyLight
0x0000000196731000 	/System/Library/Frameworks/CoreGraphics.framework/Versions/A/CoreGraphics
0x00000001a45f3000 	/System/Library/Frameworks/Accelerate.framework/Versions/A/Accelerate
0x000000019e90b000 	/System/Library/PrivateFrameworks/IconServices.framework/Versions/A/IconServices
0x000000019aa46000 	/System/Library/Frameworks/IOSurface.framework/Versions/A/IOSurface
0x0000000198750000 	/usr/lib/libDiagnosticMessagesClient.dylib
0x000000019cef0000 	/usr/lib/libz.1.dylib
0x00000001a7a0c000 	/System/Library/Frameworks/ApplicationServices.framework/Versions/A/ApplicationServices
0x000000019b24a000 	/System/Library/PrivateFrameworks/DFRFoundation.framework/Versions/A/DFRFoundation
0x0000000194162000 	/usr/lib/libicucore.A.dylib
0x00000001a0950000 	/System/Library/Frameworks/AudioToolbox.framework/Versions/A/AudioToolbox
0x000000019f9c3000 	/System/Library/PrivateFrameworks/DataDetectorsCore.framework/Versions/A/DataDetectorsCore
0x00000001b71e7000 	/System/Library/PrivateFrameworks/TextInput.framework/Versions/A/TextInput
0x0000000196268000 	/usr/lib/libMobileGestalt.dylib
0x000000019af16000 	/System/Library/Frameworks/Carbon.framework/Versions/A/Frameworks/HIToolbox.framework/Versions/A/HIToolbox
0x0000000198bde000 	/System/Library/Frameworks/QuartzCore.framework/Versions/A/QuartzCore
0x0000000193db0000 	/System/Library/Frameworks/Security.framework/Versions/A/Security
0x00000001a3f57000 	/System/Library/Frameworks/Carbon.framework/Versions/A/Frameworks/SpeechRecognition.framework/Versions/A/SpeechRecognition
0x0000000198fae000 	/System/Library/PrivateFrameworks/CoreUI.framework/Versions/A/CoreUI
0x000000019371c000 	/System/Library/Frameworks/CoreAudio.framework/Versions/A/CoreAudio
0x000000019882c000 	/System/Library/Frameworks/DiskArbitration.framework/Versions/A/DiskArbitration
0x000000019f2df000 	/System/Library/PrivateFrameworks/MultitouchSupport.framework/Versions/A/MultitouchSupport
0x0000000196266000 	/usr/lib/libenergytrace.dylib
0x00000001947a5000 	/System/Library/Frameworks/IOKit.framework/Versions/A/IOKit
0x00000001a4342000 	/System/Library/Frameworks/CoreServices.framework/Versions/A/CoreServices
0x00000001991fc000 	/System/Library/PrivateFrameworks/PerformanceAnalysis.framework/Versions/A/PerformanceAnalysis
0x00000001f6198000 	/System/Library/Frameworks/OpenGL.framework/Versions/A/OpenGL
0x00000001992c0000 	/usr/lib/libxml2.2.dylib
0x000000019c447000 	/System/Library/PrivateFrameworks/MobileKeyBag.framework/Versions/A/MobileKeyBag
0x000000019127c000 	/usr/lib/libobjc.A.dylib
0x0000000191536000 	/usr/lib/libc++.1.dylib
0x0000000196d78000 	/System/Library/Frameworks/ColorSync.framework/Versions/A/ColorSync
0x000000019167f000 	/System/Library/Frameworks/CoreFoundation.framework/Versions/A/CoreFoundation
0x000000019b5a4000 	/System/Library/Frameworks/CoreImage.framework/Versions/A/CoreImage
0x0000000193539000 	/System/Library/Frameworks/CoreText.framework/Versions/A/CoreText
0x000000019b2a0000 	/System/Library/Frameworks/ImageIO.framework/Versions/A/ImageIO
0x000000019cfb0000 	/System/Library/PrivateFrameworks/SoftLinking.framework/Versions/A/SoftLinking
0x000000019d246000 	/usr/lib/libcompression.dylib
0x000000019f913000 	/System/Library/PrivateFrameworks/TextureIO.framework/Versions/A/TextureIO
0x000000019e5d8000 	/usr/lib/libate.dylib
0x000000019cfa4000 	/usr/lib/system/libcache.dylib
0x000000019cf60000 	/usr/lib/system/libcommonCrypto.dylib
0x000000019cf8b000 	/usr/lib/system/libcompiler_rt.dylib
0x000000019cf81000 	/usr/lib/system/libcopyfile.dylib
0x00000001913b5000 	/usr/lib/system/libcorecrypto.dylib
0x000000019146c000 	/usr/lib/system/libdispatch.dylib
0x0000000191626000 	/usr/lib/system/libdyld.dylib
0x000000019cf9a000 	/usr/lib/system/libkeymgr.dylib
0x000000019cf3a000 	/usr/lib/system/libmacho.dylib
0x000000019c53f000 	/usr/lib/system/libquarantine.dylib
0x000000019cf97000 	/usr/lib/system/libremovefile.dylib
0x00000001962cf000 	/usr/lib/system/libsystem_asl.dylib
0x0000000191351000 	/usr/lib/system/libsystem_blocks.dylib
0x00000001914b7000 	/usr/lib/system/libsystem_c.dylib
0x000000019cf8f000 	/usr/lib/system/libsystem_collections.dylib
0x000000019b97e000 	/usr/lib/system/libsystem_configuration.dylib
0x000000019aa14000 	/usr/lib/system/libsystem_containermanager.dylib
0x000000019cc2e000 	/usr/lib/system/libsystem_coreservices.dylib
0x0000000194416000 	/usr/lib/system/libsystem_darwin.dylib
0x000000019cf9b000 	/usr/lib/system/libsystem_dnssd.dylib
0x00000001914b4000 	/usr/lib/system/libsystem_featureflags.dylib
0x0000000191652000 	/usr/lib/system/libsystem_info.dylib
0x000000019cf02000 	/usr/lib/system/libsystem_m.dylib
0x0000000191440000 	/usr/lib/system/libsystem_malloc.dylib
0x000000019624d000 	/usr/lib/system/libsystem_networkextension.dylib
0x0000000194880000 	/usr/lib/system/libsystem_notify.dylib
0x000000019b983000 	/usr/lib/system/libsystem_sandbox.dylib
0x000000019cf94000 	/usr/lib/system/libsystem_secinit.dylib
0x00000001915df000 	/usr/lib/system/libsystem_kernel.dylib
0x000000019164b000 	/usr/lib/system/libsystem_platform.dylib
0x0000000191619000 	/usr/lib/system/libsystem_pthread.dylib
0x0000000197a97000 	/usr/lib/system/libsystem_symptoms.dylib
0x000000019139a000 	/usr/lib/system/libsystem_trace.dylib
0x000000019cf6e000 	/usr/lib/system/libunwind.dylib
0x0000000191356000 	/usr/lib/system/libxpc.dylib
0x00000001915c3000 	/usr/lib/libc++abi.dylib
0x000000019cf79000 	/usr/lib/liboah.dylib
0x000000019e492000 	/usr/lib/liblzma.5.dylib
0x000000019cfac000 	/usr/lib/libfakelink.dylib
0x0000000195e89000 	/System/Library/Frameworks/CFNetwork.framework/Versions/A/CFNetwork
0x000000019d0ea000 	/usr/lib/libarchive.2.dylib
0x00000001a227c000 	/System/Library/Frameworks/Combine.framework/Versions/A/Combine
0x00000001a032f000 	/usr/lib/swift/libswiftCore.dylib
0x00000001b4274000 	/usr/lib/swift/libswiftCoreFoundation.dylib
0x00000001b21e7000 	/usr/lib/swift/libswiftDarwin.dylib
0x00000001a588d000 	/usr/lib/swift/libswiftDispatch.dylib
0x00000001b4295000 	/usr/lib/swift/libswiftIOKit.dylib
0x00000001a7e42000 	/usr/lib/swift/libswiftObjectiveC.dylib
0x00000001b4288000 	/usr/lib/swift/libswiftXPC.dylib
0x000000021eca6000 	/usr/lib/swift/libswift_Concurrency.dylib
0x000000021edf4000 	/usr/lib/swift/libswift_StringProcessing.dylib
0x00000001a7e46000 	/usr/lib/swift/libswiftos.dylib
0x0000000194729000 	/System/Library/PrivateFrameworks/CoreServicesInternal.framework/Versions/A/CoreServicesInternal
0x000000019c566000 	/usr/lib/libbsm.0.dylib
0x000000019cf40000 	/usr/lib/system/libkxld.dylib
0x0000000199238000 	/System/Library/Frameworks/CoreServices.framework/Versions/A/Frameworks/FSEvents.framework/Versions/A/FSEvents
0x0000000194421000 	/System/Library/Frameworks/CoreServices.framework/Versions/A/Frameworks/CarbonCore.framework/Versions/A/CarbonCore
0x0000000198794000 	/System/Library/Frameworks/CoreServices.framework/Versions/A/Frameworks/Metadata.framework/Versions/A/Metadata
0x000000019cc34000 	/System/Library/Frameworks/CoreServices.framework/Versions/A/Frameworks/OSServices.framework/Versions/A/OSServices
0x000000019d172000 	/System/Library/Frameworks/CoreServices.framework/Versions/A/Frameworks/SearchKit.framework/Versions/A/SearchKit
0x0000000197a19000 	/System/Library/Frameworks/CoreServices.framework/Versions/A/Frameworks/AE.framework/Versions/A/AE
0x0000000191b59000 	/System/Library/Frameworks/CoreServices.framework/Versions/A/Frameworks/LaunchServices.framework/Versions/A/LaunchServices
0x000000019e43b000 	/System/Library/Frameworks/CoreServices.framework/Versions/A/Frameworks/DictionaryServices.framework/Versions/A/DictionaryServices
0x0000000199245000 	/System/Library/Frameworks/CoreServices.framework/Versions/A/Frameworks/SharedFileList.framework/Versions/A/SharedFileList
0x000000019d210000 	/usr/lib/libapple_nghttp2.dylib
0x0000000195e85000 	/usr/lib/libnetwork.dylib
0x00000001976c8000 	/usr/lib/libsqlite3.dylib
0x0000000197aa0000 	/System/Library/Frameworks/Network.framework/Versions/A/Network
0x000000021dd93000 	/usr/lib/libCoreEntitlements.dylib
0x0000000209d4a000 	/System/Library/PrivateFrameworks/MessageSecurity.framework/Versions/A/MessageSecurity
0x00000001976ae000 	/System/Library/PrivateFrameworks/ProtocolBuffer.framework/Versions/A/ProtocolBuffer
0x000000019cb5c000 	/System/Library/PrivateFrameworks/AppleFSCompression.framework/Versions/A/AppleFSCompression
0x000000019c54e000 	/usr/lib/libcoretls.dylib
0x000000019e4ab000 	/usr/lib/libcoretls_cfhelpers.dylib
0x000000019d240000 	/usr/lib/libpam.2.dylib
0x000000019e516000 	/usr/lib/libxar.1.dylib
0x000000019e8e5000 	/usr/lib/libheimdal-asn1.dylib
0x000000019cfb1000 	/usr/lib/libpcap.A.dylib
0x0000000197a8d000 	/usr/lib/libdns_services.dylib
0x000000019b98b000 	/System/Library/PrivateFrameworks/AppleSystemInfo.framework/Versions/A/AppleSystemInfo
0x000000019c242000 	/System/Library/PrivateFrameworks/IOMobileFramebuffer.framework/Versions/A/IOMobileFramebuffer
0x000000019cc21000 	/usr/lib/libbz2.1.0.dylib
0x000000019c542000 	/usr/lib/libCheckFix.dylib
0x00000001962e7000 	/System/Library/PrivateFrameworks/TCC.framework/Versions/A/TCC
0x000000019b991000 	/System/Library/PrivateFrameworks/CoreNLP.framework/Versions/A/CoreNLP
0x0000000198752000 	/System/Library/PrivateFrameworks/MetadataUtilities.framework/Versions/A/MetadataUtilities
0x000000019c578000 	/usr/lib/libmecab.dylib
0x0000000192370000 	/usr/lib/libCRFSuite.dylib
0x000000019c5d4000 	/usr/lib/libgermantok.dylib
0x000000019d1e9000 	/usr/lib/libThaiTokenizer.dylib
0x0000000198835000 	/System/Library/Frameworks/Accelerate.framework/Versions/A/Frameworks/vImage.framework/Versions/A/vImage
0x00000001a4319000 	/System/Library/Frameworks/Accelerate.framework/Versions/A/Frameworks/vecLib.framework/Versions/A/vecLib
0x000000019e55c000 	/System/Library/Frameworks/Accelerate.framework/Versions/A/Frameworks/vecLib.framework/Versions/A/libvMisc.dylib
0x000000019c141000 	/System/Library/Frameworks/Accelerate.framework/Versions/A/Frameworks/vecLib.framework/Versions/A/libvDSP.dylib
0x0000000191f11000 	/System/Library/Frameworks/Accelerate.framework/Versions/A/Frameworks/vecLib.framework/Versions/A/libBLAS.dylib
0x000000019d31b000 	/System/Library/Frameworks/Accelerate.framework/Versions/A/Frameworks/vecLib.framework/Versions/A/libLAPACK.dylib
0x000000019c5d7000 	/System/Library/Frameworks/Accelerate.framework/Versions/A/Frameworks/vecLib.framework/Versions/A/libLinearAlgebra.dylib
0x000000019d22b000 	/System/Library/Frameworks/Accelerate.framework/Versions/A/Frameworks/vecLib.framework/Versions/A/libSparseBLAS.dylib
0x000000019d316000 	/System/Library/Frameworks/Accelerate.framework/Versions/A/Frameworks/vecLib.framework/Versions/A/libQuadrature.dylib
0x000000019ba86000 	/System/Library/Frameworks/Accelerate.framework/Versions/A/Frameworks/vecLib.framework/Versions/A/libBNNS.dylib
0x000000019227e000 	/System/Library/Frameworks/Accelerate.framework/Versions/A/Frameworks/vecLib.framework/Versions/A/libSparse.dylib
0x0000000208f78000 	/System/Library/PrivateFrameworks/MIL.framework/Versions/A/MIL
0x000000019cfe6000 	/usr/lib/libiconv.2.dylib
0x000000019cf39000 	/usr/lib/libcharset.1.dylib
0x0000000199218000 	/System/Library/Frameworks/OpenDirectory.framework/Versions/A/Frameworks/CFOpenDirectory.framework/Versions/A/CFOpenDirectory
0x0000000199208000 	/System/Library/Frameworks/OpenDirectory.framework/Versions/A/OpenDirectory
0x000000019e4ad000 	/System/Library/PrivateFrameworks/APFS.framework/Versions/A/APFS
0x000000019c47d000 	/System/Library/Frameworks/SecurityFoundation.framework/Versions/A/SecurityFoundation
0x000000019e525000 	/usr/lib/libutil.dylib
0x0000000207dd2000 	/System/Library/PrivateFrameworks/InstalledContentLibrary.framework/Versions/A/InstalledContentLibrary
0x0000000194768000 	/System/Library/PrivateFrameworks/CoreServicesStore.framework/Versions/A/CoreServicesStore
0x00000001feb1a000 	/System/Library/PrivateFrameworks/AppleMobileFileIntegrity.framework/Versions/A/AppleMobileFileIntegrity
0x00000001b4254000 	/usr/lib/libmis.dylib
0x00000001c241d000 	/System/Library/PrivateFrameworks/MobileSystemServices.framework/Versions/A/MobileSystemServices
0x00000001dd956000 	/System/Library/PrivateFrameworks/ConfigProfileHelper.framework/Versions/A/ConfigProfileHelper
0x000000019d1eb000 	/System/Library/PrivateFrameworks/AppleSauce.framework/Versions/A/AppleSauce
0x0000000192fdf000 	/System/Library/PrivateFrameworks/LanguageModeling.framework/Versions/A/LanguageModeling
0x000000019e529000 	/usr/lib/libxslt.1.dylib
0x000000019d0d8000 	/usr/lib/libcmph.dylib
0x000000019c22f000 	/System/Library/PrivateFrameworks/CoreEmoji.framework/Versions/A/CoreEmoji
0x000000019ba80000 	/System/Library/PrivateFrameworks/LinguisticData.framework/Versions/A/LinguisticData
0x0000000192236000 	/System/Library/PrivateFrameworks/Lexicon.framework/Versions/A/Lexicon
0x000000019c50f000 	/System/Library/PrivateFrameworks/BackgroundTaskManagement.framework/Versions/A/BackgroundTaskManagement
0x000000021df36000 	/usr/lib/libTLE.dylib
0x000000021ed44000 	/usr/lib/swift/libswift_RegexParser.dylib
0x000000019f1a4000 	/System/Library/PrivateFrameworks/AppleJPEG.framework/Versions/A/AppleJPEG
0x000000019e8ca000 	/usr/lib/libexpat.1.dylib
0x000000019f776000 	/System/Library/Frameworks/ImageIO.framework/Versions/A/Resources/libPng.dylib
0x000000019f7a1000 	/System/Library/Frameworks/ImageIO.framework/Versions/A/Resources/libTIFF.dylib
0x000000019f889000 	/System/Library/Frameworks/ImageIO.framework/Versions/A/Resources/libGIF.dylib
0x000000019f1ea000 	/System/Library/Frameworks/ImageIO.framework/Versions/A/Resources/libJP2.dylib
0x000000019f82e000 	/System/Library/Frameworks/ImageIO.framework/Versions/A/Resources/libJPEG.dylib
0x000000019f825000 	/System/Library/Frameworks/ImageIO.framework/Versions/A/Resources/libRadiance.dylib
0x000000019ada3000 	/System/Library/PrivateFrameworks/FontServices.framework/libFontParser.dylib
0x00000001979ba000 	/System/Library/PrivateFrameworks/RunningBoardServices.framework/Versions/A/RunningBoardServices
0x00000001aa39d000 	/System/Library/PrivateFrameworks/IOSurfaceAccelerator.framework/Versions/A/IOSurfaceAccelerator
0x000000019f2db000 	/System/Library/PrivateFrameworks/WatchdogClient.framework/Versions/A/WatchdogClient
0x000000019315b000 	/System/Library/Frameworks/CoreDisplay.framework/Versions/A/CoreDisplay
0x000000019ac7a000 	/System/Library/Frameworks/CoreMedia.framework/Versions/A/CoreMedia
0x000000019aa5e000 	/System/Library/PrivateFrameworks/IOAccelerator.framework/Versions/A/IOAccelerator
0x00000001993a9000 	/System/Library/Frameworks/CoreVideo.framework/Versions/A/CoreVideo
0x000000019d23e000 	/System/Library/Frameworks/MetalPerformanceShaders.framework/Versions/A/MetalPerformanceShaders
0x000000019f31c000 	/System/Library/Frameworks/VideoToolbox.framework/Versions/A/VideoToolbox
0x00000001978f7000 	/System/Library/PrivateFrameworks/BaseBoard.framework/Versions/A/BaseBoard
0x000000019f820000 	/System/Library/PrivateFrameworks/GPUWrangler.framework/Versions/A/GPUWrangler
0x000000019f800000 	/System/Library/PrivateFrameworks/IOPresentment.framework/Versions/A/IOPresentment
0x000000019f828000 	/System/Library/PrivateFrameworks/DSExternalDisplay.framework/Versions/A/DSExternalDisplay
0x0000000204411000 	/System/Library/PrivateFrameworks/GPUCompiler.framework/Versions/31001/Libraries/libllvm-flatbuffers.dylib
0x00000001f618b000 	/System/Library/Frameworks/OpenGL.framework/Versions/A/Libraries/libCoreFSCache.dylib
0x000000020440d000 	/System/Library/PrivateFrameworks/GPUCompiler.framework/Versions/31001/Libraries/libGPUCompilerUtils.dylib
0x000000019f88f000 	/System/Library/PrivateFrameworks/CMCaptureCore.framework/Versions/A/CMCaptureCore
0x00000001f8b19000 	/System/Library/Frameworks/ExtensionFoundation.framework/Versions/A/ExtensionFoundation
0x00000001a6048000 	/System/Library/PrivateFrameworks/CoreTime.framework/Versions/A/CoreTime
0x000000019ee89000 	/System/Library/PrivateFrameworks/AppServerSupport.framework/Versions/A/AppServerSupport
0x00000001a1234000 	/System/Library/PrivateFrameworks/perfdata.framework/Versions/A/perfdata
0x000000019327b000 	/System/Library/PrivateFrameworks/AudioToolboxCore.framework/Versions/A/AudioToolboxCore
0x000000019ac51000 	/System/Library/PrivateFrameworks/caulk.framework/Versions/A/caulk
0x00000001a0aeb000 	/usr/lib/libAudioStatistics.dylib
0x00000001b3696000 	/System/Library/PrivateFrameworks/SystemPolicy.framework/Versions/A/SystemPolicy
0x00000001a0d8b000 	/usr/lib/libSMC.dylib
0x00000001a9abb000 	/System/Library/Frameworks/CoreMIDI.framework/Versions/A/CoreMIDI
0x000000019f743000 	/usr/lib/libAudioToolboxUtility.dylib
0x00000001af316000 	/System/Library/PrivateFrameworks/OSAServicesClient.framework/Versions/A/OSAServicesClient
0x00000001a1242000 	/usr/lib/libperfcheck.dylib
0x000000019e7b5000 	/System/Library/PrivateFrameworks/PlugInKit.framework/Versions/A/PlugInKit
0x000000019c46f000 	/System/Library/PrivateFrameworks/AssertionServices.framework/Versions/A/AssertionServices
0x00000001f61ed000 	/System/Library/Frameworks/OpenGL.framework/Versions/A/Libraries/libGLU.dylib
0x00000001f61ac000 	/System/Library/Frameworks/OpenGL.framework/Versions/A/Libraries/libGFXShared.dylib
0x00000001f6387000 	/System/Library/Frameworks/OpenGL.framework/Versions/A/Libraries/libGL.dylib
0x00000001f61b5000 	/System/Library/Frameworks/OpenGL.framework/Versions/A/Libraries/libGLImage.dylib
0x00000001f61a9000 	/System/Library/Frameworks/OpenGL.framework/Versions/A/Libraries/libCVMSPluginSupport.dylib
0x000000021df15000 	/usr/lib/libRosetta.dylib
0x00000001f6192000 	/System/Library/Frameworks/OpenGL.framework/Versions/A/Libraries/libCoreVMClient.dylib
0x000000019b902000 	/System/Library/Frameworks/MetalPerformanceShaders.framework/Versions/A/Frameworks/MPSCore.framework/Versions/A/MPSCore
0x000000019cad2000 	/System/Library/Frameworks/MetalPerformanceShaders.framework/Versions/A/Frameworks/MPSImage.framework/Versions/A/MPSImage
0x000000019c5ec000 	/System/Library/Frameworks/MetalPerformanceShaders.framework/Versions/A/Frameworks/MPSNeuralNetwork.framework/Versions/A/MPSNeuralNetwork
0x000000019c9d4000 	/System/Library/Frameworks/MetalPerformanceShaders.framework/Versions/A/Frameworks/MPSMatrix.framework/Versions/A/MPSMatrix
0x000000019c7e6000 	/System/Library/Frameworks/MetalPerformanceShaders.framework/Versions/A/Frameworks/MPSRayIntersector.framework/Versions/A/MPSRayIntersector
0x000000019ca03000 	/System/Library/Frameworks/MetalPerformanceShaders.framework/Versions/A/Frameworks/MPSNDArray.framework/Versions/A/MPSNDArray
0x00000001f9fe9000 	/System/Library/Frameworks/MetalPerformanceShaders.framework/Versions/A/Frameworks/MPSFunctions.framework/Versions/A/MPSFunctions
0x0000000191dd6000 	/System/Library/PrivateFrameworks/MetalTools.framework/Versions/A/MetalTools
0x000000019b989000 	/System/Library/PrivateFrameworks/AggregateDictionary.framework/Versions/A/AggregateDictionary
0x000000019e66d000 	/usr/lib/libIOReport.dylib
0x00000001a8cab000 	/System/Library/PrivateFrameworks/ASEProcessing.framework/Versions/A/ASEProcessing
0x000000020cdcb000 	/System/Library/PrivateFrameworks/PhotosensitivityProcessing.framework/Versions/A/PhotosensitivityProcessing
0x000000019ea27000 	/System/Library/PrivateFrameworks/GraphVisualizer.framework/Versions/A/GraphVisualizer
0x000000020432e000 	/System/Library/PrivateFrameworks/FontServices.framework/Versions/A/FontServices
0x000000019ee47000 	/System/Library/PrivateFrameworks/OTSVG.framework/Versions/A/OTSVG
0x0000000198f5c000 	/System/Library/Frameworks/ApplicationServices.framework/Versions/A/Frameworks/ATS.framework/Versions/A/Resources/libFontRegistry.dylib
0x000000019ee93000 	/System/Library/PrivateFrameworks/FontServices.framework/libhvf.dylib
0x000000020432f000 	/System/Library/PrivateFrameworks/FontServices.framework/libXTFontStaticRegistryData.dylib
0x00000001bea95000 	/usr/lib/swift/libswiftMetal.dylib
0x00000001b714d000 	/usr/lib/swift/libswiftsimd.dylib
0x0000000216d94000 	/System/Library/PrivateFrameworks/VideoToolboxParavirtualizationSupport.framework/Versions/A/VideoToolboxParavirtualizationSupport
0x000000019e87e000 	/System/Library/PrivateFrameworks/AppleVA.framework/Versions/A/AppleVA
0x00000001a0b2b000 	/System/Library/Frameworks/ApplicationServices.framework/Versions/A/Frameworks/ATS.framework/Versions/A/ATS
0x0000000196e6a000 	/System/Library/Frameworks/ApplicationServices.framework/Versions/A/Frameworks/HIServices.framework/Versions/A/HIServices
0x000000019f89b000 	/System/Library/Frameworks/ApplicationServices.framework/Versions/A/Frameworks/PrintCore.framework/Versions/A/PrintCore
0x00000001a0ee4000 	/System/Library/Frameworks/ApplicationServices.framework/Versions/A/Frameworks/QD.framework/Versions/A/QD
0x00000001a0ed8000 	/System/Library/Frameworks/ApplicationServices.framework/Versions/A/Frameworks/ColorSyncLegacy.framework/Versions/A/ColorSyncLegacy
0x00000001a0aff000 	/System/Library/Frameworks/ApplicationServices.framework/Versions/A/Frameworks/SpeechSynthesis.framework/Versions/A/SpeechSynthesis
0x000000019f859000 	/System/Library/Frameworks/ApplicationServices.framework/Versions/A/Frameworks/ATSUI.framework/Versions/A/ATSUI
0x00000001a0e6b000 	/usr/lib/libcups.2.dylib
0x00000001a1250000 	/System/Library/Frameworks/Kerberos.framework/Versions/A/Kerberos
0x00000001a1261000 	/System/Library/Frameworks/GSS.framework/Versions/A/GSS
0x00000001a0b9d000 	/usr/lib/libresolv.9.dylib
0x000000019eea3000 	/System/Library/PrivateFrameworks/Heimdal.framework/Versions/A/Heimdal
0x00000001a7dc4000 	/System/Library/Frameworks/Kerberos.framework/Versions/A/Libraries/libHeimdalProxy.dylib
0x00000001a12b9000 	/System/Library/PrivateFrameworks/CommonAuth.framework/Versions/A/CommonAuth
0x00000001f7d26000 	/System/Library/Frameworks/AVFAudio.framework/Versions/A/AVFAudio
0x00000001af365000 	/System/Library/PrivateFrameworks/AXCoreUtilities.framework/Versions/A/AXCoreUtilities
0x00000001a0a77000 	/System/Library/PrivateFrameworks/AudioSession.framework/Versions/A/AudioSession
0x00000001a202e000 	/System/Library/Frameworks/IOBluetooth.framework/Versions/A/IOBluetooth
0x000000019e980000 	/System/Library/PrivateFrameworks/MediaExperience.framework/Versions/A/MediaExperience
0x00000001a0916000 	/System/Library/PrivateFrameworks/AudioSession.framework/libSessionUtility.dylib
0x00000001a0ef0000 	/System/Library/PrivateFrameworks/AudioResourceArbitration.framework/Versions/A/AudioResourceArbitration
0x00000001a4f54000 	/System/Library/PrivateFrameworks/PowerLog.framework/Versions/A/PowerLog
0x00000001a4e94000 	/System/Library/Frameworks/CoreBluetooth.framework/Versions/A/CoreBluetooth
0x00000001a7dc5000 	/System/Library/Frameworks/AudioUnit.framework/Versions/A/AudioUnit
0x000000019c2ce000 	/System/Library/PrivateFrameworks/CoreUtils.framework/Versions/A/CoreUtils
0x0000000202c05000 	/System/Library/PrivateFrameworks/CoreUtilsExtras.framework/Versions/A/CoreUtilsExtras
0x0000000207c68000 	/System/Library/PrivateFrameworks/IO80211.framework/Versions/A/IO80211
0x000000019e8f0000 	/System/Library/PrivateFrameworks/IconFoundation.framework/Versions/A/IconFoundation
0x00000001a3f43000 	/System/Library/PrivateFrameworks/SpeechRecognitionCore.framework/Versions/A/SpeechRecognitionCore
0x0000000104ee8000 	/Users/yhwntnzltyn/Library/Java/JavaVirtualMachines/corretto-11.0.21/Contents/Home/lib/server/libjvm.dylib
0x00000001042e4000 	/Users/yhwntnzltyn/Library/Java/JavaVirtualMachines/corretto-11.0.21/Contents/Home/lib/libverify.dylib
0x0000000104330000 	/Users/yhwntnzltyn/Library/Java/JavaVirtualMachines/corretto-11.0.21/Contents/Home/lib/libjava.dylib
0x00000001042fc000 	/Users/yhwntnzltyn/Library/Java/JavaVirtualMachines/corretto-11.0.21/Contents/Home/lib/libjimage.dylib
0x0000000104364000 	/Users/yhwntnzltyn/Library/Java/JavaVirtualMachines/corretto-11.0.21/Contents/Home/lib/libinstrument.dylib
0x00000001044b0000 	/private/var/folders/6q/dxw8jthd2bv2kynrs6dmcdzm0000gn/T/idea_libasyncProfiler_dylib_temp_folder/libasyncProfiler.dylib
0x00000001043a4000 	/Users/yhwntnzltyn/Library/Java/JavaVirtualMachines/corretto-11.0.21/Contents/Home/lib/libzip.dylib
0x0000000104e38000 	/Users/yhwntnzltyn/Library/Java/JavaVirtualMachines/corretto-11.0.21/Contents/Home/lib/libnio.dylib
0x0000000104e58000 	/Users/yhwntnzltyn/Library/Java/JavaVirtualMachines/corretto-11.0.21/Contents/Home/lib/libnet.dylib
0x0000000104390000 	/Users/yhwntnzltyn/Library/Java/JavaVirtualMachines/corretto-11.0.21/Contents/Home/lib/libextnet.dylib


VM Arguments:
jvm_args: -javaagent:/Users/yhwntnzltyn/Applications/IntelliJ IDEA Ultimate.app/Contents/lib/idea_rt.jar=59471:/Users/yhwntnzltyn/Applications/IntelliJ IDEA Ultimate.app/Contents/bin -agentpath:/private/var/folders/6q/dxw8jthd2bv2kynrs6dmcdzm0000gn/T/idea_libasyncProfiler_dylib_temp_folder/libasyncProfiler.dylib=start,jfr,event=wall,interval=10ms,jfrsync=profile,cstack=no,file=/Users/yhwntnzltyn/IdeaSnapshots/BrickerGameManager_2024_02_05_220727.jfr,log=/private/var/folders/6q/dxw8jthd2bv2kynrs6dmcdzm0000gn/T/BrickerGameManager_2024_02_05_220727.jfr.log.txt,logLevel=DEBUG -Dfile.encoding=UTF-8 
java_command: bricker.main.BrickerGameManager java BrickerGameManager
java_class_path (initial): /Users/yhwntnzltyn/IdeaProjects/Bricker/out/production/Bricker:/Users/yhwntnzltyn/IdeaProjects/libs/DanoGameLab 1.1.0 17.10.23/DanoGameLab.jar
Launcher Type: SUN_STANDARD

[Global flags]
     intx CICompilerCount                          = 4                                         {product} {ergonomic}
     uint ConcGCThreads                            = 2                                         {product} {ergonomic}
     bool FlightRecorder                           = true                                      {product} {management}
     uint G1ConcRefinementThreads                  = 8                                         {product} {ergonomic}
   size_t G1HeapRegionSize                         = 1048576                                   {product} {ergonomic}
    uintx GCDrainStackTargetSize                   = 64                                        {product} {ergonomic}
   size_t InitialHeapSize                          = 268435456                                 {product} {ergonomic}
   size_t MarkStackSize                            = 4194304                                   {product} {ergonomic}
   size_t MaxHeapSize                              = 4294967296                                {product} {ergonomic}
   size_t MaxNewSize                               = 2576351232                                {product} {ergonomic}
   size_t MinHeapDeltaBytes                        = 1048576                                   {product} {ergonomic}
    uintx NonNMethodCodeHeapSize                   = 5836492                                {pd product} {ergonomic}
    uintx NonProfiledCodeHeapSize                  = 122910874                              {pd product} {ergonomic}
    uintx ProfiledCodeHeapSize                     = 122910874                              {pd product} {ergonomic}
    uintx ReservedCodeCacheSize                    = 251658240                              {pd product} {ergonomic}
     bool SegmentedCodeCache                       = true                                      {product} {ergonomic}
     bool UseCompressedClassPointers               = true                                 {lp64_product} {ergonomic}
     bool UseCompressedOops                        = true                                 {lp64_product} {ergonomic}
     bool UseG1GC                                  = true                                      {product} {ergonomic}

Logging:
Log output configuration:
 #0: stdout all=warning uptime,level,tags
 #1: stderr all=off uptime,level,tags

Environment Variables:
PATH=/Users/yhwntnzltyn/opt/anaconda3/bin:/Users/yhwntnzltyn/opt/anaconda3/condabin:/opt/homebrew/bin:/opt/homebrew/sbin:/usr/local/bin:/usr/bin:/bin:/usr/sbin:/sbin:/Library/TeX/texbin:/opt/X11/bin:/Users/yhwntnzltyn/Desktop/nand2tetris/tools
SHELL=/bin/zsh
DISPLAY=/private/tmp/com.apple.launchd.Gw2bI7aI5y/org.xquartz:0
LC_CTYPE=he_IL.UTF-8
TMPDIR=/var/folders/6q/dxw8jthd2bv2kynrs6dmcdzm0000gn/T/

Signal Handlers:
SIGSEGV: [libjvm.dylib+0x72889c], sa_mask[0]=11111111011111110111111111111111, sa_flags=SA_ONSTACK|SA_RESTART|SA_SIGINFO
SIGBUS: [libjvm.dylib+0x72889c], sa_mask[0]=11111111011111110111111111111111, sa_flags=SA_RESTART|SA_SIGINFO
SIGFPE: [libjvm.dylib+0x72889c], sa_mask[0]=11111111011111110111111111111111, sa_flags=SA_RESTART|SA_SIGINFO
SIGPIPE: [libjvm.dylib+0x586c6c], sa_mask[0]=11111111011111110111111111111111, sa_flags=SA_RESTART|SA_SIGINFO
SIGXFSZ: [libjvm.dylib+0x586c6c], sa_mask[0]=11111111011111110111111111111111, sa_flags=SA_RESTART|SA_SIGINFO
SIGILL: [libjvm.dylib+0x72889c], sa_mask[0]=11111111011111110111111111111111, sa_flags=SA_RESTART|SA_SIGINFO
SIGUSR2: [libjvm.dylib+0x587270], sa_mask[0]=00100000000000000000000000000000, sa_flags=SA_RESTART|SA_SIGINFO
SIGHUP: [libjvm.dylib+0x585a14], sa_mask[0]=11111111011111110111111111111111, sa_flags=SA_RESTART|SA_SIGINFO
SIGINT: [libjvm.dylib+0x585a14], sa_mask[0]=11111111011111110111111111111111, sa_flags=SA_RESTART|SA_SIGINFO
SIGTERM: [libjvm.dylib+0x585a14], sa_mask[0]=11111111011111110111111111111111, sa_flags=SA_RESTART|SA_SIGINFO
SIGQUIT: [libjvm.dylib+0x585a14], sa_mask[0]=11111111011111110111111111111111, sa_flags=SA_RESTART|SA_SIGINFO


---------------  S Y S T E M  ---------------

OS:uname:Darwin 22.5.0 Darwin Kernel Version 22.5.0: Mon Apr 24 20:53:44 PDT 2023; root:xnu-8796.121.2~5/RELEASE_ARM64_T8103 arm64
OS uptime: 2 days 6:42 hours
rlimit (soft/hard): STACK 8176k/65520k , CORE 0k/infinity , NPROC 2666/4000 , NOFILE 10240/infinity , AS infinity/infinity , CPU infinity/infinity , DATA infinity/infinity , FSIZE infinity/infinity , MEMLOCK infinity/infinity , RSS infinity/infinity
load average:3.07 3.11 2.93

CPU:total 8 (initial active 8) 0x61:0x0:0x1b588bb3:0, simd, crc, lse

Memory: 16k page, physical 16777216k(900208k free), swap 0k(0k free)

vm_info: OpenJDK 64-Bit Server VM (11.0.21+9-LTS) for bsd-aarch64 JRE (11.0.21+9-LTS), built on Oct  9 2023 19:02:27 by "ec2user" with clang Apple LLVM 13.0.0 (clang-1300.0.29.30)

END.
